2024-04-24 13:41:20:4120 [32minfo[39m: [32mSuccessfully connected to database[39m
2024-04-24 13:41:20:4120 [32minfo[39m: [32mListening on port: undefined[39m
2024-04-24 13:42:19:4219 [32minfo[39m: [32mSuccessfully connected to database[39m
2024-04-24 13:42:19:4219 [32minfo[39m: [32mListening on port: 3000[39m
2024-04-24 13:43:04:434 [32minfo[39m: [32mSuccessfully connected to database[39m
2024-04-24 13:43:04:434 [32minfo[39m: [32mListening on port: 3000[39m
2024-04-24 13:43:18:4318 [35mhttp[39m: [35mGET all users[39m
2024-04-24 13:43:18:4318 [32minfo[39m: [32mGetting all users from the database[39m
2024-04-24 14:01:18:118 [35mhttp[39m: [35mGET all users[39m
2024-04-24 14:01:18:118 [32minfo[39m: [32mGetting all users from the database[39m
2024-04-24 14:01:19:119 [35mhttp[39m: [35mGET all users[39m
2024-04-24 14:01:19:119 [32minfo[39m: [32mGetting all users from the database[39m
2024-04-24 14:02:22:222 [35mhttp[39m: [35mGET all users[39m
2024-04-24 14:02:22:222 [32minfo[39m: [32mGetting all users from the database[39m
2024-04-25 17:05:35:535 [32minfo[39m: [32mSuccessfully connected to database[39m
2024-04-25 17:05:35:535 [32minfo[39m: [32mListening on port: 3000[39m
2024-04-25 17:10:18:1018 [35mhttp[39m: [35mGET all users[39m
2024-04-25 17:10:18:1018 [32minfo[39m: [32mGetting all users from the database[39m
2024-04-25 17:13:04:134 [35mhttp[39m: [35mGET all users[39m
2024-04-25 17:13:04:134 [32minfo[39m: [32mGetting all users from the database[39m
2024-05-09 08:19:10:1910 [32minfo[39m: [32mSuccessfully connected to database[39m
2024-05-09 08:19:10:1910 [32minfo[39m: [32mListening on port: 3000[39m
2024-05-09 08:22:44:2244 [35mhttp[39m: [35mGET all users[39m
2024-05-09 08:22:44:2244 [32minfo[39m: [32mGetting all users from the database[39m
2024-05-09 08:35:19:3519 [35mhttp[39m: [35mGET all users[39m
2024-05-09 08:35:19:3519 [32minfo[39m: [32mGetting all users from the database[39m
2024-05-09 08:35:34:3534 [35mhttp[39m: [35mGET all users[39m
2024-05-09 08:35:34:3534 [32minfo[39m: [32mGetting all users from the database[39m
2024-05-09 08:35:37:3537 [35mhttp[39m: [35mGET all users[39m
2024-05-09 08:35:37:3537 [32minfo[39m: [32mGetting all users from the database[39m
2024-05-09 08:35:38:3538 [35mhttp[39m: [35mGET all users[39m
2024-05-09 08:35:38:3538 [32minfo[39m: [32mGetting all users from the database[39m
2024-05-09 08:35:45:3545 [35mhttp[39m: [35mGET all users[39m
2024-05-09 08:35:45:3545 [32minfo[39m: [32mGetting all users from the database[39m
2024-05-09 08:36:30:3630 [35mhttp[39m: [35mGET all users[39m
2024-05-09 08:36:30:3630 [32minfo[39m: [32mGetting all users from the database[39m
2024-05-09 08:36:32:3632 [35mhttp[39m: [35mGET all users[39m
2024-05-09 08:36:32:3632 [32minfo[39m: [32mGetting all users from the database[39m
2024-05-09 08:36:36:3636 [35mhttp[39m: [35mGET all users[39m
2024-05-09 08:36:36:3636 [32minfo[39m: [32mGetting all users from the database[39m
2024-05-09 08:37:18:3718 [35mhttp[39m: [35mGET all users[39m
2024-05-09 08:37:18:3718 [32minfo[39m: [32mGetting all users from the database[39m
2024-05-09 08:37:19:3719 [35mhttp[39m: [35mGET all users[39m
2024-05-09 08:37:19:3719 [32minfo[39m: [32mGetting all users from the database[39m
2024-05-09 08:37:20:3720 [35mhttp[39m: [35mGET all users[39m
2024-05-09 08:37:20:3720 [32minfo[39m: [32mGetting all users from the database[39m
2024-05-09 08:37:31:3731 [35mhttp[39m: [35mGET all users[39m
2024-05-09 08:37:31:3731 [32minfo[39m: [32mGetting all users from the database[39m
2024-05-09 08:37:55:3755 [35mhttp[39m: [35mGET all users[39m
2024-05-09 08:37:55:3755 [32minfo[39m: [32mGetting all users from the database[39m
2024-05-09 08:37:57:3757 [35mhttp[39m: [35mGET all users[39m
2024-05-09 08:37:57:3757 [32minfo[39m: [32mGetting all users from the database[39m
2024-05-09 08:39:00:390 [35mhttp[39m: [35mGET all users[39m
2024-05-09 08:39:00:390 [32minfo[39m: [32mGetting all users from the database[39m
2024-05-09 08:39:07:397 [35mhttp[39m: [35mGET all users[39m
2024-05-09 08:39:07:397 [32minfo[39m: [32mGetting all users from the database[39m
2024-05-09 08:39:12:3912 [35mhttp[39m: [35mPOST create a user with username: Lincoln[39m
2024-05-09 08:39:12:3912 [32minfo[39m: [32mAdding user Lincoln to the database[39m
2024-05-09 08:39:12:3912 [35mhttp[39m: [35mGET all users[39m
2024-05-09 08:39:12:3912 [32minfo[39m: [32mGetting all users from the database[39m
2024-05-09 08:39:19:3919 [35mhttp[39m: [35mPOST create a user with username: Sandy[39m
2024-05-09 08:39:19:3919 [32minfo[39m: [32mAdding user Sandy to the database[39m
2024-05-09 08:39:19:3919 [35mhttp[39m: [35mGET all users[39m
2024-05-09 08:39:19:3919 [32minfo[39m: [32mGetting all users from the database[39m
2024-05-09 08:42:33:4233 [35mhttp[39m: [35mGET all users[39m
2024-05-09 08:42:33:4233 [32minfo[39m: [32mGetting all users from the database[39m
2024-05-09 08:42:40:4240 [35mhttp[39m: [35mDELETE single user id: 3[39m
2024-05-09 08:42:40:4240 [32minfo[39m: [32mGetting user 3 from the database[39m
2024-05-09 08:42:40:4240 [32minfo[39m: [32mDeleting user 3[39m
2024-05-09 08:42:48:4248 [35mhttp[39m: [35mGET all users[39m
2024-05-09 08:42:48:4248 [32minfo[39m: [32mGetting all users from the database[39m
2024-05-09 08:42:53:4253 [35mhttp[39m: [35mPOST create a user with username: Patrick[39m
2024-05-09 08:42:53:4253 [32minfo[39m: [32mAdding user Patrick to the database[39m
2024-05-09 08:42:53:4253 [35mhttp[39m: [35mGET all users[39m
2024-05-09 08:42:53:4253 [32minfo[39m: [32mGetting all users from the database[39m
2024-05-09 08:42:56:4256 [35mhttp[39m: [35mDELETE single user id: 2[39m
2024-05-09 08:42:56:4256 [32minfo[39m: [32mGetting user 2 from the database[39m
2024-05-09 08:42:56:4256 [32minfo[39m: [32mDeleting user 2[39m
2024-05-09 08:42:59:4259 [35mhttp[39m: [35mPOST create a user with username: Lincoln[39m
2024-05-09 08:42:59:4259 [32minfo[39m: [32mAdding user Lincoln to the database[39m
2024-05-09 08:43:00:430 [35mhttp[39m: [35mGET all users[39m
2024-05-09 08:43:00:430 [32minfo[39m: [32mGetting all users from the database[39m
2024-05-09 08:47:23:4723 [35mhttp[39m: [35mGET all users[39m
2024-05-09 08:47:23:4723 [32minfo[39m: [32mGetting all users from the database[39m
2024-05-09 08:47:26:4726 [35mhttp[39m: [35mDELETE single user id: 1[39m
2024-05-09 08:47:26:4726 [32minfo[39m: [32mGetting user 1 from the database[39m
2024-05-09 08:47:26:4726 [32minfo[39m: [32mDeleting user 1[39m
2024-05-09 08:47:31:4731 [35mhttp[39m: [35mPOST create a user with username: Spongebob[39m
2024-05-09 08:47:31:4731 [32minfo[39m: [32mAdding user Spongebob to the database[39m
2024-05-09 08:47:31:4731 [35mhttp[39m: [35mGET all users[39m
2024-05-09 08:47:31:4731 [32minfo[39m: [32mGetting all users from the database[39m
2024-05-09 08:51:24:5124 [35mhttp[39m: [35mGET all users[39m
2024-05-09 08:51:24:5124 [32minfo[39m: [32mGetting all users from the database[39m
2024-05-09 08:51:44:5144 [35mhttp[39m: [35mGET all users[39m
2024-05-09 08:51:44:5144 [32minfo[39m: [32mGetting all users from the database[39m
2024-05-09 08:54:47:5447 [35mhttp[39m: [35mGET all users[39m
2024-05-09 08:54:47:5447 [32minfo[39m: [32mGetting all users from the database[39m
2024-05-09 08:55:34:5534 [35mhttp[39m: [35mGET all users[39m
2024-05-09 08:55:34:5534 [32minfo[39m: [32mGetting all users from the database[39m
2024-05-09 08:56:02:562 [35mhttp[39m: [35mGET all users[39m
2024-05-09 08:56:02:562 [32minfo[39m: [32mGetting all users from the database[39m
2024-05-09 08:56:55:5655 [35mhttp[39m: [35mGET all users[39m
2024-05-09 08:56:55:5655 [32minfo[39m: [32mGetting all users from the database[39m
2024-05-09 09:07:06:76 [35mhttp[39m: [35mGET all users[39m
2024-05-09 09:07:06:76 [32minfo[39m: [32mGetting all users from the database[39m
2024-05-09 09:07:35:735 [35mhttp[39m: [35mGET all users[39m
2024-05-09 09:07:35:735 [32minfo[39m: [32mGetting all users from the database[39m
2024-05-09 09:07:53:753 [35mhttp[39m: [35mPATCH single user id: 5[39m
2024-05-09 09:07:53:753 [32minfo[39m: [32mGetting user 5 from the database[39m
2024-05-09 09:07:53:753 [32minfo[39m: [32mUpdating user 5 to [39m
2024-05-09 09:07:53:753 [35mhttp[39m: [35mGET all users[39m
2024-05-09 09:07:53:753 [32minfo[39m: [32mGetting all users from the database[39m
2024-05-09 09:08:00:80 [35mhttp[39m: [35mDELETE single user id: 5[39m
2024-05-09 09:08:00:80 [32minfo[39m: [32mGetting user 5 from the database[39m
2024-05-09 09:08:00:80 [32minfo[39m: [32mDeleting user 5[39m
2024-05-09 09:08:01:81 [35mhttp[39m: [35mGET all users[39m
2024-05-09 09:08:01:81 [32minfo[39m: [32mGetting all users from the database[39m
2024-05-09 09:08:04:84 [35mhttp[39m: [35mPOST create a user with username: Sonny[39m
2024-05-09 09:08:04:84 [32minfo[39m: [32mAdding user Sonny to the database[39m
2024-05-09 09:08:05:85 [35mhttp[39m: [35mGET all users[39m
2024-05-09 09:08:05:85 [32minfo[39m: [32mGetting all users from the database[39m
2024-05-09 09:08:15:815 [35mhttp[39m: [35mPOST create a user with username: Lancoln[39m
2024-05-09 09:08:15:815 [32minfo[39m: [32mAdding user Lancoln to the database[39m
2024-05-09 09:08:15:815 [35mhttp[39m: [35mGET all users[39m
2024-05-09 09:08:15:815 [32minfo[39m: [32mGetting all users from the database[39m
2024-05-09 09:08:19:819 [35mhttp[39m: [35mGET all users[39m
2024-05-09 09:08:19:819 [32minfo[39m: [32mGetting all users from the database[39m
2024-05-09 09:10:37:1037 [35mhttp[39m: [35mGET all users[39m
2024-05-09 09:10:37:1037 [32minfo[39m: [32mGetting all users from the database[39m
2024-05-09 09:11:09:119 [35mhttp[39m: [35mPOST create a user with username: sadf[39m
2024-05-09 09:11:09:119 [32minfo[39m: [32mAdding user sadf to the database[39m
2024-05-09 09:11:09:119 [35mhttp[39m: [35mGET all users[39m
2024-05-09 09:11:09:119 [32minfo[39m: [32mGetting all users from the database[39m
2024-05-09 09:11:17:1117 [35mhttp[39m: [35mDELETE single user id: 9[39m
2024-05-09 09:11:17:1117 [32minfo[39m: [32mGetting user 9 from the database[39m
2024-05-09 09:11:17:1117 [32minfo[39m: [32mDeleting user 9[39m
2024-05-09 09:11:45:1145 [35mhttp[39m: [35mGET all users[39m
2024-05-09 09:11:45:1145 [32minfo[39m: [32mGetting all users from the database[39m
2024-05-09 09:11:50:1150 [35mhttp[39m: [35mPATCH single user id: 8[39m
2024-05-09 09:11:50:1150 [32minfo[39m: [32mGetting user 8 from the database[39m
2024-05-09 09:11:50:1150 [32minfo[39m: [32mUpdating user 8 to Lincoln[39m
2024-05-09 09:11:51:1151 [35mhttp[39m: [35mGET all users[39m
2024-05-09 09:11:51:1151 [32minfo[39m: [32mGetting all users from the database[39m
2024-05-09 09:11:55:1155 [35mhttp[39m: [35mDELETE single user id: 7[39m
2024-05-09 09:11:55:1155 [32minfo[39m: [32mGetting user 7 from the database[39m
2024-05-09 09:11:55:1155 [32minfo[39m: [32mDeleting user 7[39m
2024-05-09 09:11:59:1159 [35mhttp[39m: [35mPOST create a user with username: Giry[39m
2024-05-09 09:11:59:1159 [32minfo[39m: [32mAdding user Giry to the database[39m
2024-05-09 09:11:59:1159 [35mhttp[39m: [35mGET all users[39m
2024-05-09 09:11:59:1159 [32minfo[39m: [32mGetting all users from the database[39m
2024-05-09 09:12:12:1212 [35mhttp[39m: [35mPATCH single user id: 10[39m
2024-05-09 09:12:12:1212 [32minfo[39m: [32mGetting user 10 from the database[39m
2024-05-09 09:12:12:1212 [32minfo[39m: [32mUpdating user 10 to Gary[39m
2024-05-09 09:12:12:1212 [35mhttp[39m: [35mGET all users[39m
2024-05-09 09:12:12:1212 [32minfo[39m: [32mGetting all users from the database[39m
2024-05-09 10:45:24:4524 [32minfo[39m: [32mSuccessfully connected to database[39m
2024-05-09 10:45:24:4524 [32minfo[39m: [32mListening on port: 3000[39m
2024-05-09 10:45:28:4528 [35mhttp[39m: [35mGET all users[39m
2024-05-09 10:45:28:4528 [32minfo[39m: [32mGetting all users from the database[39m
2024-05-09 10:45:44:4544 [35mhttp[39m: [35mGET all users[39m
2024-05-09 10:45:44:4544 [32minfo[39m: [32mGetting all users from the database[39m
2024-05-09 10:45:48:4548 [35mhttp[39m: [35mGET all users[39m
2024-05-09 10:45:48:4548 [32minfo[39m: [32mGetting all users from the database[39m
2024-05-09 10:45:49:4549 [35mhttp[39m: [35mGET all users[39m
2024-05-09 10:45:49:4549 [32minfo[39m: [32mGetting all users from the database[39m
2024-05-09 10:45:51:4551 [35mhttp[39m: [35mGET all users[39m
2024-05-09 10:45:51:4551 [32minfo[39m: [32mGetting all users from the database[39m
2024-05-09 10:53:35:5335 [35mhttp[39m: [35mGET all users[39m
2024-05-09 10:53:35:5335 [32minfo[39m: [32mGetting all users from the database[39m
2024-05-09 10:53:36:5336 [35mhttp[39m: [35mGET single user id: 4[39m
2024-05-09 10:53:36:5336 [32minfo[39m: [32mGetting user 4 from the database[39m
2024-05-09 10:53:38:5338 [35mhttp[39m: [35mGET all users[39m
2024-05-09 10:53:38:5338 [32minfo[39m: [32mGetting all users from the database[39m
2024-05-09 10:53:39:5339 [35mhttp[39m: [35mGET single user id: 6[39m
2024-05-09 10:53:39:5339 [32minfo[39m: [32mGetting user 6 from the database[39m
2024-05-09 10:53:40:5340 [35mhttp[39m: [35mGET all users[39m
2024-05-09 10:53:40:5340 [32minfo[39m: [32mGetting all users from the database[39m
2024-05-09 10:53:40:5340 [35mhttp[39m: [35mGET single user id: 10[39m
2024-05-09 10:53:40:5340 [32minfo[39m: [32mGetting user 10 from the database[39m
2024-05-09 10:53:41:5341 [35mhttp[39m: [35mGET all users[39m
2024-05-09 10:53:41:5341 [32minfo[39m: [32mGetting all users from the database[39m
2024-05-09 10:53:42:5342 [35mhttp[39m: [35mGET single user id: 8[39m
2024-05-09 10:53:42:5342 [32minfo[39m: [32mGetting user 8 from the database[39m
2024-05-09 10:53:43:5343 [35mhttp[39m: [35mGET all users[39m
2024-05-09 10:53:43:5343 [32minfo[39m: [32mGetting all users from the database[39m
2024-05-09 10:54:32:5432 [35mhttp[39m: [35mGET all users[39m
2024-05-09 10:54:32:5432 [32minfo[39m: [32mGetting all users from the database[39m
2024-05-09 10:54:39:5439 [35mhttp[39m: [35mPOST create a user with username: Flynn[39m
2024-05-09 10:54:39:5439 [32minfo[39m: [32mAdding user Flynn to the database[39m
2024-05-09 10:54:39:5439 [35mhttp[39m: [35mGET all users[39m
2024-05-09 10:54:39:5439 [32minfo[39m: [32mGetting all users from the database[39m
2024-05-09 10:54:45:5445 [35mhttp[39m: [35mPOST create a user with username: Sam[39m
2024-05-09 10:54:45:5445 [32minfo[39m: [32mAdding user Sam to the database[39m
2024-05-09 10:54:45:5445 [35mhttp[39m: [35mGET all users[39m
2024-05-09 10:54:45:5445 [32minfo[39m: [32mGetting all users from the database[39m
2024-05-09 10:54:50:5450 [35mhttp[39m: [35mPOST create a user with username: Bubu[39m
2024-05-09 10:54:50:5450 [32minfo[39m: [32mAdding user Bubu to the database[39m
2024-05-09 10:54:50:5450 [35mhttp[39m: [35mGET all users[39m
2024-05-09 10:54:50:5450 [32minfo[39m: [32mGetting all users from the database[39m
2024-05-09 10:54:55:5455 [35mhttp[39m: [35mPOST create a user with username: Groob[39m
2024-05-09 10:54:55:5455 [32minfo[39m: [32mAdding user Groob to the database[39m
2024-05-09 10:54:55:5455 [35mhttp[39m: [35mGET all users[39m
2024-05-09 10:54:55:5455 [32minfo[39m: [32mGetting all users from the database[39m
2024-05-09 10:55:05:555 [35mhttp[39m: [35mPOST create a user with username: Sandwich[39m
2024-05-09 10:55:05:555 [32minfo[39m: [32mAdding user Sandwich to the database[39m
2024-05-09 10:55:06:556 [35mhttp[39m: [35mGET all users[39m
2024-05-09 10:55:06:556 [32minfo[39m: [32mGetting all users from the database[39m
2024-05-09 20:38:14:3814 [32minfo[39m: [32mSuccessfully connected to database[39m
2024-05-09 20:38:14:3814 [32minfo[39m: [32mListening on port: 3000[39m
2024-05-09 20:41:22:4122 [35mhttp[39m: [35mGET all users[39m
2024-05-09 20:41:22:4122 [32minfo[39m: [32mGetting all users from the database[39m
2024-05-09 20:41:25:4125 [35mhttp[39m: [35mGET single user id: 15[39m
2024-05-09 20:41:25:4125 [32minfo[39m: [32mGetting user 15 from the database[39m
2024-05-09 20:41:27:4127 [35mhttp[39m: [35mGET all users[39m
2024-05-09 20:41:27:4127 [32minfo[39m: [32mGetting all users from the database[39m
2024-05-09 20:48:36:4836 [35mhttp[39m: [35mGET all users[39m
2024-05-09 20:48:36:4836 [32minfo[39m: [32mGetting all users from the database[39m
2024-05-09 20:49:13:4913 [35mhttp[39m: [35mGET all users[39m
2024-05-09 20:49:13:4913 [32minfo[39m: [32mGetting all users from the database[39m
2024-05-09 20:49:13:4913 [35mhttp[39m: [35mGET all users[39m
2024-05-09 20:49:13:4913 [32minfo[39m: [32mGetting all users from the database[39m
2024-05-09 20:49:14:4914 [35mhttp[39m: [35mGET all users[39m
2024-05-09 20:49:14:4914 [32minfo[39m: [32mGetting all users from the database[39m
2024-05-09 20:50:38:5038 [35mhttp[39m: [35mGET all users[39m
2024-05-09 20:50:38:5038 [32minfo[39m: [32mGetting all users from the database[39m
2024-05-09 20:50:43:5043 [35mhttp[39m: [35mGET all users[39m
2024-05-09 20:50:43:5043 [32minfo[39m: [32mGetting all users from the database[39m
2024-05-09 20:50:43:5043 [35mhttp[39m: [35mGET all users[39m
2024-05-09 20:50:43:5043 [32minfo[39m: [32mGetting all users from the database[39m
2024-05-09 20:50:43:5043 [35mhttp[39m: [35mGET all users[39m
2024-05-09 20:50:43:5043 [32minfo[39m: [32mGetting all users from the database[39m
2024-05-09 20:50:43:5043 [35mhttp[39m: [35mGET all users[39m
2024-05-09 20:50:43:5043 [32minfo[39m: [32mGetting all users from the database[39m
2024-05-09 20:50:43:5043 [35mhttp[39m: [35mGET all users[39m
2024-05-09 20:50:43:5043 [32minfo[39m: [32mGetting all users from the database[39m
2024-05-09 21:00:30:030 [35mhttp[39m: [35mGET all users[39m
2024-05-09 21:00:30:030 [32minfo[39m: [32mGetting all users from the database[39m
2024-05-09 21:02:45:245 [35mhttp[39m: [35mGET all users[39m
2024-05-09 21:02:45:245 [32minfo[39m: [32mGetting all users from the database[39m
2024-05-09 21:03:59:359 [35mhttp[39m: [35mGET single user id: 10[39m
2024-05-09 21:03:59:359 [32minfo[39m: [32mGetting user 10 from the database[39m
2024-05-09 21:04:13:413 [35mhttp[39m: [35mGET all users[39m
2024-05-09 21:04:13:413 [32minfo[39m: [32mGetting all users from the database[39m
2024-05-09 21:04:16:416 [35mhttp[39m: [35mGET single user id: 10[39m
2024-05-09 21:04:17:417 [32minfo[39m: [32mGetting user 10 from the database[39m
2024-05-09 21:04:58:458 [35mhttp[39m: [35mGET all users[39m
2024-05-09 21:04:58:458 [32minfo[39m: [32mGetting all users from the database[39m
2024-05-09 21:04:59:459 [35mhttp[39m: [35mGET all users[39m
2024-05-09 21:04:59:459 [32minfo[39m: [32mGetting all users from the database[39m
2024-05-09 21:05:02:52 [35mhttp[39m: [35mGET single user id: 8[39m
2024-05-09 21:05:02:52 [32minfo[39m: [32mGetting user 8 from the database[39m
2024-05-09 21:05:04:54 [35mhttp[39m: [35mGET single user id: 8[39m
2024-05-09 21:05:04:54 [32minfo[39m: [32mGetting user 8 from the database[39m
2024-05-09 21:05:07:57 [35mhttp[39m: [35mGET all users[39m
2024-05-09 21:05:07:57 [32minfo[39m: [32mGetting all users from the database[39m
2024-05-09 21:05:50:550 [35mhttp[39m: [35mGET all users[39m
2024-05-09 21:05:50:550 [32minfo[39m: [32mGetting all users from the database[39m
2024-05-09 21:06:18:618 [35mhttp[39m: [35mGET all users[39m
2024-05-09 21:06:18:618 [32minfo[39m: [32mGetting all users from the database[39m
2024-05-09 21:06:23:623 [35mhttp[39m: [35mGET all users[39m
2024-05-09 21:06:23:623 [32minfo[39m: [32mGetting all users from the database[39m
2024-05-09 21:06:49:649 [35mhttp[39m: [35mGET all users[39m
2024-05-09 21:06:49:649 [32minfo[39m: [32mGetting all users from the database[39m
2024-05-09 21:07:38:738 [35mhttp[39m: [35mGET all users[39m
2024-05-09 21:07:38:738 [32minfo[39m: [32mGetting all users from the database[39m
2024-05-09 21:07:44:744 [35mhttp[39m: [35mGET all users[39m
2024-05-09 21:07:44:744 [32minfo[39m: [32mGetting all users from the database[39m
2024-05-09 21:07:44:744 [35mhttp[39m: [35mGET all users[39m
2024-05-09 21:07:44:744 [32minfo[39m: [32mGetting all users from the database[39m
2024-05-09 21:07:49:749 [35mhttp[39m: [35mGET single user id: 6[39m
2024-05-09 21:07:49:749 [32minfo[39m: [32mGetting user 6 from the database[39m
2024-05-09 21:07:55:755 [35mhttp[39m: [35mDELETE single user id: 6[39m
2024-05-09 21:07:55:755 [32minfo[39m: [32mGetting user 6 from the database[39m
2024-05-09 21:07:55:755 [32minfo[39m: [32mDeleting user 6[39m
2024-05-09 21:07:55:755 [35mhttp[39m: [35mGET all users[39m
2024-05-09 21:07:55:755 [32minfo[39m: [32mGetting all users from the database[39m
2024-05-09 21:09:14:914 [35mhttp[39m: [35mGET all users[39m
2024-05-09 21:09:14:914 [32minfo[39m: [32mGetting all users from the database[39m
2024-05-09 21:10:14:1014 [35mhttp[39m: [35mGET all users[39m
2024-05-09 21:10:14:1014 [32minfo[39m: [32mGetting all users from the database[39m
2024-05-09 21:11:09:119 [35mhttp[39m: [35mGET all users[39m
2024-05-09 21:11:09:119 [32minfo[39m: [32mGetting all users from the database[39m
2024-05-09 21:11:17:1117 [35mhttp[39m: [35mGET single user id: 10[39m
2024-05-09 21:11:17:1117 [32minfo[39m: [32mGetting user 10 from the database[39m
2024-05-09 21:11:20:1120 [35mhttp[39m: [35mDELETE single user id: 10[39m
2024-05-09 21:11:20:1120 [32minfo[39m: [32mGetting user 10 from the database[39m
2024-05-09 21:11:20:1120 [32minfo[39m: [32mDeleting user 10[39m
2024-05-09 21:11:20:1120 [35mhttp[39m: [35mGET all users[39m
2024-05-09 21:11:20:1120 [32minfo[39m: [32mGetting all users from the database[39m
2024-05-09 21:12:12:1212 [35mhttp[39m: [35mGET all users[39m
2024-05-09 21:12:12:1212 [32minfo[39m: [32mGetting all users from the database[39m
2024-05-09 21:12:27:1227 [35mhttp[39m: [35mGET all users[39m
2024-05-09 21:12:27:1227 [32minfo[39m: [32mGetting all users from the database[39m
2024-05-09 21:12:40:1240 [35mhttp[39m: [35mGET all users[39m
2024-05-09 21:12:40:1240 [32minfo[39m: [32mGetting all users from the database[39m
2024-05-09 21:13:29:1329 [35mhttp[39m: [35mGET all users[39m
2024-05-09 21:13:29:1329 [32minfo[39m: [32mGetting all users from the database[39m
2024-05-09 21:13:34:1334 [35mhttp[39m: [35mGET all users[39m
2024-05-09 21:13:34:1334 [32minfo[39m: [32mGetting all users from the database[39m
2024-05-09 21:13:37:1337 [35mhttp[39m: [35mGET all users[39m
2024-05-09 21:13:37:1337 [32minfo[39m: [32mGetting all users from the database[39m
2024-05-09 21:13:47:1347 [35mhttp[39m: [35mGET all users[39m
2024-05-09 21:13:47:1347 [32minfo[39m: [32mGetting all users from the database[39m
2024-05-09 21:14:01:141 [35mhttp[39m: [35mGET all users[39m
2024-05-09 21:14:01:141 [32minfo[39m: [32mGetting all users from the database[39m
2024-05-09 21:15:07:157 [35mhttp[39m: [35mGET all users[39m
2024-05-09 21:15:07:157 [32minfo[39m: [32mGetting all users from the database[39m
2024-05-09 21:15:13:1513 [35mhttp[39m: [35mGET all users[39m
2024-05-09 21:15:13:1513 [32minfo[39m: [32mGetting all users from the database[39m
2024-05-09 21:15:45:1545 [35mhttp[39m: [35mGET all users[39m
2024-05-09 21:15:45:1545 [32minfo[39m: [32mGetting all users from the database[39m
2024-05-09 21:15:53:1553 [35mhttp[39m: [35mPOST create a user with username: Jerry[39m
2024-05-09 21:15:53:1553 [32minfo[39m: [32mAdding user Jerry to the database[39m
2024-05-09 21:15:53:1553 [35mhttp[39m: [35mGET all users[39m
2024-05-09 21:15:53:1553 [32minfo[39m: [32mGetting all users from the database[39m
2024-05-09 21:16:02:162 [35mhttp[39m: [35mPOST create a user with username: Barry[39m
2024-05-09 21:16:02:162 [32minfo[39m: [32mAdding user Barry to the database[39m
2024-05-09 21:16:03:163 [35mhttp[39m: [35mGET all users[39m
2024-05-09 21:16:03:163 [32minfo[39m: [32mGetting all users from the database[39m
2024-05-09 21:16:06:166 [35mhttp[39m: [35mPOST create a user with username: Yam[39m
2024-05-09 21:16:06:166 [32minfo[39m: [32mAdding user Yam to the database[39m
2024-05-09 21:16:06:166 [35mhttp[39m: [35mGET all users[39m
2024-05-09 21:16:06:166 [32minfo[39m: [32mGetting all users from the database[39m
2024-05-09 21:16:11:1611 [35mhttp[39m: [35mPOST create a user with username: Stranger[39m
2024-05-09 21:16:11:1611 [32minfo[39m: [32mAdding user Stranger to the database[39m
2024-05-09 21:16:11:1611 [35mhttp[39m: [35mGET all users[39m
2024-05-09 21:16:11:1611 [32minfo[39m: [32mGetting all users from the database[39m
2024-05-09 21:16:29:1629 [35mhttp[39m: [35mPOST create a user with username: McGuister[39m
2024-05-09 21:16:29:1629 [32minfo[39m: [32mAdding user McGuister to the database[39m
2024-05-09 21:16:29:1629 [35mhttp[39m: [35mGET all users[39m
2024-05-09 21:16:29:1629 [32minfo[39m: [32mGetting all users from the database[39m
2024-05-09 21:16:35:1635 [35mhttp[39m: [35mGET all users[39m
2024-05-09 21:16:35:1635 [32minfo[39m: [32mGetting all users from the database[39m
2024-05-09 21:16:47:1647 [35mhttp[39m: [35mGET all users[39m
2024-05-09 21:16:47:1647 [32minfo[39m: [32mGetting all users from the database[39m
2024-05-09 21:17:17:1717 [35mhttp[39m: [35mGET all users[39m
2024-05-09 21:17:17:1717 [32minfo[39m: [32mGetting all users from the database[39m
2024-05-09 21:18:18:1818 [35mhttp[39m: [35mGET single user id: 4[39m
2024-05-09 21:18:18:1818 [32minfo[39m: [32mGetting user 4 from the database[39m
2024-05-09 21:18:19:1819 [35mhttp[39m: [35mGET all users[39m
2024-05-09 21:18:19:1819 [32minfo[39m: [32mGetting all users from the database[39m
2024-05-09 21:18:25:1825 [35mhttp[39m: [35mGET single user id: 16[39m
2024-05-09 21:18:25:1825 [32minfo[39m: [32mGetting user 16 from the database[39m
2024-05-09 21:18:27:1827 [35mhttp[39m: [35mDELETE single user id: 16[39m
2024-05-09 21:18:27:1827 [32minfo[39m: [32mGetting user 16 from the database[39m
2024-05-09 21:18:27:1827 [32minfo[39m: [32mDeleting user 16[39m
2024-05-09 21:18:27:1827 [35mhttp[39m: [35mGET all users[39m
2024-05-09 21:18:27:1827 [32minfo[39m: [32mGetting all users from the database[39m
2024-05-09 21:40:46:4046 [35mhttp[39m: [35mGET all users[39m
2024-05-09 21:40:46:4046 [32minfo[39m: [32mGetting all users from the database[39m
2024-05-09 21:44:22:4422 [35mhttp[39m: [35mGET single user id: 19[39m
2024-05-09 21:44:22:4422 [32minfo[39m: [32mGetting user 19 from the database[39m
2024-05-09 21:44:31:4431 [35mhttp[39m: [35mGET all users[39m
2024-05-09 21:44:31:4431 [32minfo[39m: [32mGetting all users from the database[39m
2024-05-09 21:44:35:4435 [35mhttp[39m: [35mGET single user id: 19[39m
2024-05-09 21:44:35:4435 [32minfo[39m: [32mGetting user 19 from the database[39m
2024-05-09 21:45:18:4518 [35mhttp[39m: [35mGET single user id: 19[39m
2024-05-09 21:45:18:4518 [32minfo[39m: [32mGetting user 19 from the database[39m
2024-05-09 21:45:24:4524 [35mhttp[39m: [35mGET single user id: 19[39m
2024-05-09 21:45:24:4524 [32minfo[39m: [32mGetting user 19 from the database[39m
2024-05-09 21:45:33:4533 [35mhttp[39m: [35mGET single user id: 19[39m
2024-05-09 21:45:33:4533 [32minfo[39m: [32mGetting user 19 from the database[39m
2024-05-09 21:45:42:4542 [35mhttp[39m: [35mGET single user id: 19[39m
2024-05-09 21:45:42:4542 [32minfo[39m: [32mGetting user 19 from the database[39m
2024-05-09 21:45:43:4543 [35mhttp[39m: [35mGET single user id: 19[39m
2024-05-09 21:45:43:4543 [32minfo[39m: [32mGetting user 19 from the database[39m
2024-05-09 21:45:44:4544 [35mhttp[39m: [35mGET all users[39m
2024-05-09 21:45:44:4544 [32minfo[39m: [32mGetting all users from the database[39m
2024-05-09 21:45:46:4546 [35mhttp[39m: [35mGET single user id: 19[39m
2024-05-09 21:45:46:4546 [32minfo[39m: [32mGetting user 19 from the database[39m
2024-05-09 21:46:26:4626 [35mhttp[39m: [35mGET single user id: 19[39m
2024-05-09 21:46:26:4626 [32minfo[39m: [32mGetting user 19 from the database[39m
2024-05-09 21:46:28:4628 [35mhttp[39m: [35mGET single user id: 19[39m
2024-05-09 21:46:28:4628 [32minfo[39m: [32mGetting user 19 from the database[39m
2024-05-09 21:46:50:4650 [35mhttp[39m: [35mGET single user id: 19[39m
2024-05-09 21:46:50:4650 [32minfo[39m: [32mGetting user 19 from the database[39m
2024-05-09 21:46:52:4652 [35mhttp[39m: [35mGET single user id: 19[39m
2024-05-09 21:46:52:4652 [32minfo[39m: [32mGetting user 19 from the database[39m
2024-05-09 21:46:54:4654 [35mhttp[39m: [35mGET all users[39m
2024-05-09 21:46:54:4654 [32minfo[39m: [32mGetting all users from the database[39m
2024-05-09 21:46:57:4657 [35mhttp[39m: [35mGET single user id: 19[39m
2024-05-09 21:46:57:4657 [32minfo[39m: [32mGetting user 19 from the database[39m
2024-05-09 21:49:17:4917 [35mhttp[39m: [35mGET single user id: 19[39m
2024-05-09 21:49:17:4917 [32minfo[39m: [32mGetting user 19 from the database[39m
2024-05-09 21:49:18:4918 [35mhttp[39m: [35mGET single user id: 19[39m
2024-05-09 21:49:18:4918 [32minfo[39m: [32mGetting user 19 from the database[39m
2024-05-09 21:49:23:4923 [35mhttp[39m: [35mGET single user id: 19[39m
2024-05-09 21:49:23:4923 [32minfo[39m: [32mGetting user 19 from the database[39m
2024-05-09 21:50:55:5055 [35mhttp[39m: [35mGET single user id: 19[39m
2024-05-09 21:50:55:5055 [32minfo[39m: [32mGetting user 19 from the database[39m
2024-05-09 21:51:08:518 [35mhttp[39m: [35mGET single user id: 19[39m
2024-05-09 21:51:08:518 [32minfo[39m: [32mGetting user 19 from the database[39m
2024-05-09 21:51:19:5119 [35mhttp[39m: [35mGET single user id: 19[39m
2024-05-09 21:51:19:5119 [32minfo[39m: [32mGetting user 19 from the database[39m
2024-05-09 21:51:25:5125 [35mhttp[39m: [35mPATCH single user id: 19[39m
2024-05-09 21:51:25:5125 [32minfo[39m: [32mGetting user 19 from the database[39m
2024-05-09 21:51:25:5125 [32minfo[39m: [32mUpdating user 19 to Max[39m
2024-05-09 21:51:26:5126 [35mhttp[39m: [35mGET single user id: 19[39m
2024-05-09 21:51:26:5126 [32minfo[39m: [32mGetting user 19 from the database[39m
2024-05-09 21:51:32:5132 [35mhttp[39m: [35mPATCH single user id: 19[39m
2024-05-09 21:51:32:5132 [32minfo[39m: [32mGetting user 19 from the database[39m
2024-05-09 21:51:32:5132 [32minfo[39m: [32mUpdating user 19 to Stranger[39m
2024-05-09 21:51:32:5132 [35mhttp[39m: [35mGET single user id: 19[39m
2024-05-09 21:51:32:5132 [32minfo[39m: [32mGetting user 19 from the database[39m
2024-05-09 21:51:33:5133 [35mhttp[39m: [35mGET all users[39m
2024-05-09 21:51:33:5133 [32minfo[39m: [32mGetting all users from the database[39m
2024-05-09 21:51:39:5139 [35mhttp[39m: [35mGET single user id: 13[39m
2024-05-09 21:51:39:5139 [32minfo[39m: [32mGetting user 13 from the database[39m
2024-05-09 21:51:45:5145 [35mhttp[39m: [35mPATCH single user id: 13[39m
2024-05-09 21:51:45:5145 [32minfo[39m: [32mGetting user 13 from the database[39m
2024-05-09 21:51:45:5145 [32minfo[39m: [32mUpdating user 13 to Bubu Browning[39m
2024-05-09 21:51:45:5145 [35mhttp[39m: [35mGET single user id: 13[39m
2024-05-09 21:51:45:5145 [32minfo[39m: [32mGetting user 13 from the database[39m
2024-05-09 21:51:47:5147 [35mhttp[39m: [35mGET all users[39m
2024-05-09 21:51:47:5147 [32minfo[39m: [32mGetting all users from the database[39m
2024-05-09 21:51:52:5152 [35mhttp[39m: [35mGET single user id: 13[39m
2024-05-09 21:51:52:5152 [32minfo[39m: [32mGetting user 13 from the database[39m
2024-05-09 21:51:56:5156 [35mhttp[39m: [35mPATCH single user id: 13[39m
2024-05-09 21:51:56:5156 [32minfo[39m: [32mGetting user 13 from the database[39m
2024-05-09 21:51:56:5156 [32minfo[39m: [32mUpdating user 13 to Bubu[39m
2024-05-09 21:51:56:5156 [35mhttp[39m: [35mGET single user id: 13[39m
2024-05-09 21:51:56:5156 [32minfo[39m: [32mGetting user 13 from the database[39m
2024-05-09 21:52:21:5221 [35mhttp[39m: [35mGET all users[39m
2024-05-09 21:52:21:5221 [32minfo[39m: [32mGetting all users from the database[39m
2024-05-09 21:52:31:5231 [35mhttp[39m: [35mGET single user id: 13[39m
2024-05-09 21:52:31:5231 [32minfo[39m: [32mGetting user 13 from the database[39m
2024-05-09 21:52:32:5232 [35mhttp[39m: [35mGET single user id: 13[39m
2024-05-09 21:52:32:5232 [32minfo[39m: [32mGetting user 13 from the database[39m
2024-05-09 21:55:12:5512 [35mhttp[39m: [35mGET all users[39m
2024-05-09 21:55:12:5512 [32minfo[39m: [32mGetting all users from the database[39m
2024-05-09 21:55:18:5518 [35mhttp[39m: [35mDELETE single user id: 0[39m
2024-05-09 21:55:18:5518 [32minfo[39m: [32mGetting user 0 from the database[39m
2024-05-09 21:55:24:5524 [35mhttp[39m: [35mGET all users[39m
2024-05-09 21:55:24:5524 [32minfo[39m: [32mGetting all users from the database[39m
2024-05-09 21:56:00:560 [35mhttp[39m: [35mGET all users[39m
2024-05-09 21:56:00:560 [32minfo[39m: [32mGetting all users from the database[39m
2024-05-09 21:56:35:5635 [35mhttp[39m: [35mGET all users[39m
2024-05-09 21:56:35:5635 [32minfo[39m: [32mGetting all users from the database[39m
2024-05-09 21:57:01:571 [35mhttp[39m: [35mGET all users[39m
2024-05-09 21:57:01:571 [32minfo[39m: [32mGetting all users from the database[39m
2024-05-09 21:57:21:5721 [35mhttp[39m: [35mGET all users[39m
2024-05-09 21:57:21:5721 [32minfo[39m: [32mGetting all users from the database[39m
2024-05-09 21:58:04:584 [35mhttp[39m: [35mGET all users[39m
2024-05-09 21:58:04:584 [32minfo[39m: [32mGetting all users from the database[39m
2024-05-09 22:03:56:356 [35mhttp[39m: [35mGET all users[39m
2024-05-09 22:03:56:356 [32minfo[39m: [32mGetting all users from the database[39m
2024-05-09 22:03:56:356 [35mhttp[39m: [35mGET all users[39m
2024-05-09 22:03:56:356 [32minfo[39m: [32mGetting all users from the database[39m
2024-05-09 22:04:05:45 [35mhttp[39m: [35mGET all users[39m
2024-05-09 22:04:05:45 [32minfo[39m: [32mGetting all users from the database[39m
2024-05-09 22:04:29:429 [35mhttp[39m: [35mGET all users[39m
2024-05-09 22:04:29:429 [32minfo[39m: [32mGetting all users from the database[39m
2024-05-09 22:04:40:440 [35mhttp[39m: [35mGET all users[39m
2024-05-09 22:04:40:440 [32minfo[39m: [32mGetting all users from the database[39m
2024-05-09 22:04:43:443 [35mhttp[39m: [35mGET all users[39m
2024-05-09 22:04:43:443 [32minfo[39m: [32mGetting all users from the database[39m
2024-05-09 22:05:02:52 [35mhttp[39m: [35mPOST create a user with username: Gru[39m
2024-05-09 22:05:02:52 [32minfo[39m: [32mAdding user Gru to the database[39m
2024-05-09 22:05:02:52 [35mhttp[39m: [35mGET all users[39m
2024-05-09 22:05:02:52 [32minfo[39m: [32mGetting all users from the database[39m
2024-05-09 22:06:02:62 [35mhttp[39m: [35mGET all users[39m
2024-05-09 22:06:02:62 [32minfo[39m: [32mGetting all users from the database[39m
2024-05-09 22:06:13:613 [35mhttp[39m: [35mGET all users[39m
2024-05-09 22:06:13:613 [32minfo[39m: [32mGetting all users from the database[39m
2024-05-09 22:06:26:626 [35mhttp[39m: [35mDELETE single user id: 0[39m
2024-05-09 22:06:26:626 [32minfo[39m: [32mGetting user 0 from the database[39m
2024-05-09 22:06:28:628 [35mhttp[39m: [35mGET all users[39m
2024-05-09 22:06:28:628 [32minfo[39m: [32mGetting all users from the database[39m
2024-05-09 22:06:37:637 [35mhttp[39m: [35mGET single user id: 17[39m
2024-05-09 22:06:37:637 [32minfo[39m: [32mGetting user 17 from the database[39m
2024-05-09 22:06:40:640 [35mhttp[39m: [35mDELETE single user id: 17[39m
2024-05-09 22:06:40:640 [32minfo[39m: [32mGetting user 17 from the database[39m
2024-05-09 22:06:40:640 [32minfo[39m: [32mDeleting user 17[39m
2024-05-09 22:06:40:640 [35mhttp[39m: [35mGET all users[39m
2024-05-09 22:06:40:640 [32minfo[39m: [32mGetting all users from the database[39m
2024-05-09 22:06:46:646 [35mhttp[39m: [35mGET single user id: 15[39m
2024-05-09 22:06:46:646 [32minfo[39m: [32mGetting user 15 from the database[39m
2024-05-09 22:06:47:647 [35mhttp[39m: [35mDELETE single user id: 15[39m
2024-05-09 22:06:47:647 [32minfo[39m: [32mGetting user 15 from the database[39m
2024-05-09 22:06:47:647 [32minfo[39m: [32mDeleting user 15[39m
2024-05-09 22:06:47:647 [35mhttp[39m: [35mGET all users[39m
2024-05-09 22:06:47:647 [32minfo[39m: [32mGetting all users from the database[39m
2024-05-09 22:06:51:651 [35mhttp[39m: [35mGET single user id: 18[39m
2024-05-09 22:06:51:651 [32minfo[39m: [32mGetting user 18 from the database[39m
2024-05-09 22:06:53:653 [35mhttp[39m: [35mDELETE single user id: 18[39m
2024-05-09 22:06:53:653 [32minfo[39m: [32mGetting user 18 from the database[39m
2024-05-09 22:06:53:653 [32minfo[39m: [32mDeleting user 18[39m
2024-05-09 22:06:53:653 [35mhttp[39m: [35mGET all users[39m
2024-05-09 22:06:53:653 [32minfo[39m: [32mGetting all users from the database[39m
2024-05-09 22:06:54:654 [35mhttp[39m: [35mGET single user id: 20[39m
2024-05-09 22:06:54:654 [32minfo[39m: [32mGetting user 20 from the database[39m
2024-05-09 22:06:58:658 [35mhttp[39m: [35mGET all users[39m
2024-05-09 22:06:58:658 [32minfo[39m: [32mGetting all users from the database[39m
2024-05-09 22:07:01:71 [35mhttp[39m: [35mGET single user id: 12[39m
2024-05-09 22:07:01:71 [32minfo[39m: [32mGetting user 12 from the database[39m
2024-05-09 22:07:03:73 [35mhttp[39m: [35mDELETE single user id: 12[39m
2024-05-09 22:07:03:73 [32minfo[39m: [32mGetting user 12 from the database[39m
2024-05-09 22:07:03:73 [32minfo[39m: [32mDeleting user 12[39m
2024-05-09 22:07:03:73 [35mhttp[39m: [35mGET all users[39m
2024-05-09 22:07:03:73 [32minfo[39m: [32mGetting all users from the database[39m
2024-05-09 22:07:05:75 [35mhttp[39m: [35mGET single user id: 19[39m
2024-05-09 22:07:05:75 [32minfo[39m: [32mGetting user 19 from the database[39m
2024-05-09 22:07:10:710 [35mhttp[39m: [35mGET all users[39m
2024-05-09 22:07:10:710 [32minfo[39m: [32mGetting all users from the database[39m
2024-05-14 10:33:09:339 [32minfo[39m: [32mSuccessfully connected to database[39m
2024-05-14 10:33:09:339 [32minfo[39m: [32mListening on port: 3000[39m
2024-05-14 10:48:10:4810 [35mhttp[39m: [35mGET all users[39m
2024-05-14 10:48:10:4810 [32minfo[39m: [32mGetting all users from the database[39m
2024-05-14 10:49:02:492 [35mhttp[39m: [35mGET single user id: 19[39m
2024-05-14 10:49:02:492 [32minfo[39m: [32mGetting user 19 from the database[39m
2024-05-14 10:49:16:4916 [35mhttp[39m: [35mDELETE single user id: 19[39m
2024-05-14 10:49:16:4916 [32minfo[39m: [32mGetting user 19 from the database[39m
2024-05-14 10:49:16:4916 [32minfo[39m: [32mDeleting user 19[39m
2024-05-14 10:49:16:4916 [35mhttp[39m: [35mGET all users[39m
2024-05-14 10:49:16:4916 [32minfo[39m: [32mGetting all users from the database[39m
2024-05-14 10:49:26:4926 [35mhttp[39m: [35mPOST create a user with username: Max[39m
2024-05-14 10:49:26:4926 [32minfo[39m: [32mAdding user Max to the database[39m
2024-05-14 10:49:26:4926 [35mhttp[39m: [35mGET all users[39m
2024-05-14 10:49:26:4926 [32minfo[39m: [32mGetting all users from the database[39m
2024-05-14 10:49:29:4929 [35mhttp[39m: [35mGET single user id: 22[39m
2024-05-14 10:49:29:4929 [32minfo[39m: [32mGetting user 22 from the database[39m
2024-05-14 10:49:37:4937 [35mhttp[39m: [35mPATCH single user id: 22[39m
2024-05-14 10:49:37:4937 [32minfo[39m: [32mGetting user 22 from the database[39m
2024-05-14 10:49:37:4937 [32minfo[39m: [32mUpdating user 22 to Stranger[39m
2024-05-14 10:49:37:4937 [35mhttp[39m: [35mGET single user id: 22[39m
2024-05-14 10:49:37:4937 [32minfo[39m: [32mGetting user 22 from the database[39m
2024-05-14 10:52:10:5210 [35mhttp[39m: [35mGET single user id: 22[39m
2024-05-14 10:52:10:5210 [32minfo[39m: [32mGetting user 22 from the database[39m
2024-05-14 10:52:14:5214 [35mhttp[39m: [35mGET single user id: 22[39m
2024-05-14 10:52:14:5214 [32minfo[39m: [32mGetting user 22 from the database[39m
2024-05-14 10:52:15:5215 [35mhttp[39m: [35mGET single user id: 22[39m
2024-05-14 10:52:15:5215 [32minfo[39m: [32mGetting user 22 from the database[39m
2024-05-14 10:52:23:5223 [35mhttp[39m: [35mGET all users[39m
2024-05-14 10:52:23:5223 [32minfo[39m: [32mGetting all users from the database[39m
2024-05-14 10:52:28:5228 [35mhttp[39m: [35mDELETE single user id: 0[39m
2024-05-14 10:52:28:5228 [32minfo[39m: [32mGetting user 0 from the database[39m
2024-05-14 10:52:31:5231 [35mhttp[39m: [35mGET single user id: 22[39m
2024-05-14 10:52:31:5231 [32minfo[39m: [32mGetting user 22 from the database[39m
2024-05-14 10:52:32:5232 [35mhttp[39m: [35mGET single user id: 22[39m
2024-05-14 10:52:32:5232 [32minfo[39m: [32mGetting user 22 from the database[39m
2024-05-14 10:52:34:5234 [35mhttp[39m: [35mGET all users[39m
2024-05-14 10:52:34:5234 [32minfo[39m: [32mGetting all users from the database[39m
2024-05-14 10:53:16:5316 [35mhttp[39m: [35mGET all users[39m
2024-05-14 10:53:16:5316 [32minfo[39m: [32mGetting all users from the database[39m
2024-05-14 10:53:21:5321 [35mhttp[39m: [35mGET all users[39m
2024-05-14 10:53:21:5321 [32minfo[39m: [32mGetting all users from the database[39m
2024-05-14 10:53:21:5321 [35mhttp[39m: [35mGET all users[39m
2024-05-14 10:53:21:5321 [32minfo[39m: [32mGetting all users from the database[39m
2024-05-14 10:53:25:5325 [35mhttp[39m: [35mGET single user id: 4[39m
2024-05-14 10:53:25:5325 [32minfo[39m: [32mGetting user 4 from the database[39m
2024-05-14 10:53:33:5333 [35mhttp[39m: [35mGET all users[39m
2024-05-14 10:53:33:5333 [32minfo[39m: [32mGetting all users from the database[39m
2024-05-14 11:08:52:852 [35mhttp[39m: [35mGET all users[39m
2024-05-14 11:08:52:852 [32minfo[39m: [32mGetting all users from the database[39m
2024-05-14 11:11:37:1137 [35mhttp[39m: [35mGET single user id: 22[39m
2024-05-14 11:11:37:1137 [32minfo[39m: [32mGetting user 22 from the database[39m
2024-05-14 11:13:08:138 [35mhttp[39m: [35mPATCH single user id: 22[39m
2024-05-14 11:13:08:138 [32minfo[39m: [32mGetting user 22 from the database[39m
2024-05-14 11:13:08:138 [32minfo[39m: [32mUpdating user 22 to Strang[39m
2024-05-14 11:13:08:138 [35mhttp[39m: [35mGET single user id: 22[39m
2024-05-14 11:13:08:138 [32minfo[39m: [32mGetting user 22 from the database[39m
2024-05-14 11:13:11:1311 [35mhttp[39m: [35mDELETE single user id: 22[39m
2024-05-14 11:13:11:1311 [32minfo[39m: [32mGetting user 22 from the database[39m
2024-05-14 11:13:11:1311 [32minfo[39m: [32mDeleting user 22[39m
2024-05-14 11:13:11:1311 [35mhttp[39m: [35mGET all users[39m
2024-05-14 11:13:11:1311 [32minfo[39m: [32mGetting all users from the database[39m
2024-05-14 11:13:16:1316 [35mhttp[39m: [35mPOST create a user with username: Max[39m
2024-05-14 11:13:16:1316 [32minfo[39m: [32mAdding user Max to the database[39m
2024-05-14 11:13:16:1316 [35mhttp[39m: [35mGET all users[39m
2024-05-14 11:13:16:1316 [32minfo[39m: [32mGetting all users from the database[39m
2024-05-14 11:13:18:1318 [35mhttp[39m: [35mGET single user id: 23[39m
2024-05-14 11:13:18:1318 [32minfo[39m: [32mGetting user 23 from the database[39m
2024-05-14 11:13:22:1322 [35mhttp[39m: [35mDELETE single user id: 23[39m
2024-05-14 11:13:22:1322 [32minfo[39m: [32mGetting user 23 from the database[39m
2024-05-14 11:13:22:1322 [32minfo[39m: [32mDeleting user 23[39m
2024-05-14 11:13:22:1322 [35mhttp[39m: [35mGET all users[39m
2024-05-14 11:13:22:1322 [32minfo[39m: [32mGetting all users from the database[39m
2024-05-14 11:13:32:1332 [35mhttp[39m: [35mPOST create a user with username: Yam[39m
2024-05-14 11:13:32:1332 [32minfo[39m: [32mAdding user Yam to the database[39m
2024-05-14 11:13:32:1332 [35mhttp[39m: [35mGET all users[39m
2024-05-14 11:13:32:1332 [32minfo[39m: [32mGetting all users from the database[39m
2024-05-14 11:13:37:1337 [35mhttp[39m: [35mPOST create a user with username: Stranger[39m
2024-05-14 11:13:37:1337 [32minfo[39m: [32mAdding user Stranger to the database[39m
2024-05-14 11:13:37:1337 [35mhttp[39m: [35mGET all users[39m
2024-05-14 11:13:37:1337 [32minfo[39m: [32mGetting all users from the database[39m
2024-05-14 11:13:39:1339 [35mhttp[39m: [35mGET single user id: 20[39m
2024-05-14 11:13:39:1339 [32minfo[39m: [32mGetting user 20 from the database[39m
2024-05-14 11:13:41:1341 [35mhttp[39m: [35mDELETE single user id: 20[39m
2024-05-14 11:13:41:1341 [32minfo[39m: [32mGetting user 20 from the database[39m
2024-05-14 11:13:41:1341 [32minfo[39m: [32mDeleting user 20[39m
2024-05-14 11:13:41:1341 [35mhttp[39m: [35mGET all users[39m
2024-05-14 11:13:41:1341 [32minfo[39m: [32mGetting all users from the database[39m
2024-05-14 11:26:46:2646 [35mhttp[39m: [35mGET all users[39m
2024-05-14 11:26:46:2646 [32minfo[39m: [32mGetting all users from the database[39m
2024-05-14 11:27:29:2729 [35mhttp[39m: [35mGET all users[39m
2024-05-14 11:27:29:2729 [32minfo[39m: [32mGetting all users from the database[39m
2024-05-14 11:27:43:2743 [35mhttp[39m: [35mGET all users[39m
2024-05-14 11:27:43:2743 [32minfo[39m: [32mGetting all users from the database[39m
2024-05-14 11:30:33:3033 [35mhttp[39m: [35mGET all users[39m
2024-05-14 11:30:33:3033 [32minfo[39m: [32mGetting all users from the database[39m
2024-05-14 11:46:31:4631 [35mhttp[39m: [35mGET all users[39m
2024-05-14 11:46:31:4631 [32minfo[39m: [32mGetting all users from the database[39m
2024-05-14 11:46:31:4631 [35mhttp[39m: [35mGET all users[39m
2024-05-14 11:46:31:4631 [32minfo[39m: [32mGetting all users from the database[39m
2024-05-14 11:47:54:4754 [35mhttp[39m: [35mGET all users[39m
2024-05-14 11:47:54:4754 [32minfo[39m: [32mGetting all users from the database[39m
2024-05-14 11:48:28:4828 [35mhttp[39m: [35mPOST create a user with username: John[39m
2024-05-14 11:48:28:4828 [32minfo[39m: [32mAdding user John to the database[39m
2024-05-14 11:48:30:4830 [35mhttp[39m: [35mPOST create a user with username: John[39m
2024-05-14 11:48:30:4830 [32minfo[39m: [32mAdding user John to the database[39m
2024-05-14 11:48:30:4830 [35mhttp[39m: [35mPOST create a user with username: John[39m
2024-05-14 11:48:30:4830 [32minfo[39m: [32mAdding user John to the database[39m
2024-05-14 11:48:31:4831 [35mhttp[39m: [35mPOST create a user with username: John[39m
2024-05-14 11:48:31:4831 [32minfo[39m: [32mAdding user John to the database[39m
2024-05-14 11:48:31:4831 [35mhttp[39m: [35mPOST create a user with username: John[39m
2024-05-14 11:48:31:4831 [32minfo[39m: [32mAdding user John to the database[39m
2024-05-14 11:48:31:4831 [35mhttp[39m: [35mPOST create a user with username: John[39m
2024-05-14 11:48:31:4831 [32minfo[39m: [32mAdding user John to the database[39m
2024-05-14 11:48:31:4831 [35mhttp[39m: [35mPOST create a user with username: John[39m
2024-05-14 11:48:31:4831 [32minfo[39m: [32mAdding user John to the database[39m
2024-05-14 11:48:31:4831 [35mhttp[39m: [35mPOST create a user with username: John[39m
2024-05-14 11:48:31:4831 [32minfo[39m: [32mAdding user John to the database[39m
2024-05-14 11:48:31:4831 [35mhttp[39m: [35mPOST create a user with username: John[39m
2024-05-14 11:48:31:4831 [32minfo[39m: [32mAdding user John to the database[39m
2024-05-14 11:48:32:4832 [35mhttp[39m: [35mPOST create a user with username: John[39m
2024-05-14 11:48:32:4832 [32minfo[39m: [32mAdding user John to the database[39m
2024-05-14 11:48:32:4832 [35mhttp[39m: [35mPOST create a user with username: John[39m
2024-05-14 11:48:32:4832 [32minfo[39m: [32mAdding user John to the database[39m
2024-05-14 11:48:32:4832 [35mhttp[39m: [35mPOST create a user with username: John[39m
2024-05-14 11:48:32:4832 [32minfo[39m: [32mAdding user John to the database[39m
2024-05-14 11:48:32:4832 [35mhttp[39m: [35mPOST create a user with username: John[39m
2024-05-14 11:48:32:4832 [32minfo[39m: [32mAdding user John to the database[39m
2024-05-14 11:48:32:4832 [35mhttp[39m: [35mPOST create a user with username: John[39m
2024-05-14 11:48:32:4832 [32minfo[39m: [32mAdding user John to the database[39m
2024-05-14 11:52:42:5242 [35mhttp[39m: [35mGET all users[39m
2024-05-14 11:52:42:5242 [32minfo[39m: [32mGetting all users from the database[39m
2024-05-14 11:52:54:5254 [35mhttp[39m: [35mPOST create a user with username: Dad[39m
2024-05-14 11:52:54:5254 [32minfo[39m: [32mAdding user Dad to the database[39m
2024-05-14 11:52:58:5258 [35mhttp[39m: [35mGET all users[39m
2024-05-14 11:52:58:5258 [32minfo[39m: [32mGetting all users from the database[39m
2024-05-14 11:53:06:536 [35mhttp[39m: [35mGET single user id: 26[39m
2024-05-14 11:53:06:536 [32minfo[39m: [32mGetting user 26 from the database[39m
2024-05-14 11:53:08:538 [35mhttp[39m: [35mDELETE single user id: 26[39m
2024-05-14 11:53:08:538 [32minfo[39m: [32mGetting user 26 from the database[39m
2024-05-14 11:53:08:538 [32minfo[39m: [32mDeleting user 26[39m
2024-05-14 11:53:08:538 [35mhttp[39m: [35mGET all users[39m
2024-05-14 11:53:08:538 [32minfo[39m: [32mGetting all users from the database[39m
2024-05-14 11:53:10:5310 [35mhttp[39m: [35mGET single user id: 36[39m
2024-05-14 11:53:10:5310 [32minfo[39m: [32mGetting user 36 from the database[39m
2024-05-14 11:53:12:5312 [35mhttp[39m: [35mDELETE single user id: 36[39m
2024-05-14 11:53:12:5312 [32minfo[39m: [32mGetting user 36 from the database[39m
2024-05-14 11:53:12:5312 [32minfo[39m: [32mDeleting user 36[39m
2024-05-14 11:53:12:5312 [35mhttp[39m: [35mGET all users[39m
2024-05-14 11:53:12:5312 [32minfo[39m: [32mGetting all users from the database[39m
2024-05-14 11:53:14:5314 [35mhttp[39m: [35mGET single user id: 31[39m
2024-05-14 11:53:14:5314 [32minfo[39m: [32mGetting user 31 from the database[39m
2024-05-14 11:53:15:5315 [35mhttp[39m: [35mDELETE single user id: 31[39m
2024-05-14 11:53:15:5315 [32minfo[39m: [32mGetting user 31 from the database[39m
2024-05-14 11:53:15:5315 [32minfo[39m: [32mDeleting user 31[39m
2024-05-14 11:53:15:5315 [35mhttp[39m: [35mGET all users[39m
2024-05-14 11:53:15:5315 [32minfo[39m: [32mGetting all users from the database[39m
2024-05-14 11:53:17:5317 [35mhttp[39m: [35mGET single user id: 37[39m
2024-05-14 11:53:17:5317 [32minfo[39m: [32mGetting user 37 from the database[39m
2024-05-14 11:53:18:5318 [35mhttp[39m: [35mDELETE single user id: 37[39m
2024-05-14 11:53:18:5318 [32minfo[39m: [32mGetting user 37 from the database[39m
2024-05-14 11:53:18:5318 [32minfo[39m: [32mDeleting user 37[39m
2024-05-14 11:53:18:5318 [35mhttp[39m: [35mGET all users[39m
2024-05-14 11:53:18:5318 [32minfo[39m: [32mGetting all users from the database[39m
2024-05-14 11:53:20:5320 [35mhttp[39m: [35mGET single user id: 34[39m
2024-05-14 11:53:20:5320 [32minfo[39m: [32mGetting user 34 from the database[39m
2024-05-14 11:53:21:5321 [35mhttp[39m: [35mDELETE single user id: 34[39m
2024-05-14 11:53:21:5321 [32minfo[39m: [32mGetting user 34 from the database[39m
2024-05-14 11:53:21:5321 [32minfo[39m: [32mDeleting user 34[39m
2024-05-14 11:53:21:5321 [35mhttp[39m: [35mGET all users[39m
2024-05-14 11:53:21:5321 [32minfo[39m: [32mGetting all users from the database[39m
2024-05-14 11:53:23:5323 [35mhttp[39m: [35mGET single user id: 38[39m
2024-05-14 11:53:23:5323 [32minfo[39m: [32mGetting user 38 from the database[39m
2024-05-14 11:53:24:5324 [35mhttp[39m: [35mDELETE single user id: 38[39m
2024-05-14 11:53:24:5324 [32minfo[39m: [32mGetting user 38 from the database[39m
2024-05-14 11:53:24:5324 [32minfo[39m: [32mDeleting user 38[39m
2024-05-14 11:53:24:5324 [35mhttp[39m: [35mGET all users[39m
2024-05-14 11:53:24:5324 [32minfo[39m: [32mGetting all users from the database[39m
2024-05-14 11:53:29:5329 [35mhttp[39m: [35mGET single user id: 28[39m
2024-05-14 11:53:29:5329 [32minfo[39m: [32mGetting user 28 from the database[39m
2024-05-14 11:53:30:5330 [35mhttp[39m: [35mDELETE single user id: 28[39m
2024-05-14 11:53:30:5330 [32minfo[39m: [32mGetting user 28 from the database[39m
2024-05-14 11:53:30:5330 [32minfo[39m: [32mDeleting user 28[39m
2024-05-14 11:53:31:5331 [35mhttp[39m: [35mGET all users[39m
2024-05-14 11:53:31:5331 [32minfo[39m: [32mGetting all users from the database[39m
2024-05-14 11:53:33:5333 [35mhttp[39m: [35mGET single user id: 39[39m
2024-05-14 11:53:33:5333 [32minfo[39m: [32mGetting user 39 from the database[39m
2024-05-14 11:53:34:5334 [35mhttp[39m: [35mDELETE single user id: 39[39m
2024-05-14 11:53:34:5334 [32minfo[39m: [32mGetting user 39 from the database[39m
2024-05-14 11:53:34:5334 [32minfo[39m: [32mDeleting user 39[39m
2024-05-14 11:53:34:5334 [35mhttp[39m: [35mGET all users[39m
2024-05-14 11:53:34:5334 [32minfo[39m: [32mGetting all users from the database[39m
2024-05-14 11:53:36:5336 [35mhttp[39m: [35mGET single user id: 30[39m
2024-05-14 11:53:36:5336 [32minfo[39m: [32mGetting user 30 from the database[39m
2024-05-14 11:53:38:5338 [35mhttp[39m: [35mDELETE single user id: 30[39m
2024-05-14 11:53:38:5338 [32minfo[39m: [32mGetting user 30 from the database[39m
2024-05-14 11:53:38:5338 [32minfo[39m: [32mDeleting user 30[39m
2024-05-14 11:53:38:5338 [35mhttp[39m: [35mGET all users[39m
2024-05-14 11:53:38:5338 [32minfo[39m: [32mGetting all users from the database[39m
2024-05-14 11:53:39:5339 [35mhttp[39m: [35mGET single user id: 32[39m
2024-05-14 11:53:39:5339 [32minfo[39m: [32mGetting user 32 from the database[39m
2024-05-14 11:53:40:5340 [35mhttp[39m: [35mDELETE single user id: 32[39m
2024-05-14 11:53:40:5340 [32minfo[39m: [32mGetting user 32 from the database[39m
2024-05-14 11:53:40:5340 [32minfo[39m: [32mDeleting user 32[39m
2024-05-14 11:53:40:5340 [35mhttp[39m: [35mGET all users[39m
2024-05-14 11:53:40:5340 [32minfo[39m: [32mGetting all users from the database[39m
2024-05-14 11:53:42:5342 [35mhttp[39m: [35mGET single user id: 35[39m
2024-05-14 11:53:42:5342 [32minfo[39m: [32mGetting user 35 from the database[39m
2024-05-14 11:53:45:5345 [35mhttp[39m: [35mDELETE single user id: 35[39m
2024-05-14 11:53:45:5345 [32minfo[39m: [32mGetting user 35 from the database[39m
2024-05-14 11:53:45:5345 [32minfo[39m: [32mDeleting user 35[39m
2024-05-14 11:53:45:5345 [35mhttp[39m: [35mGET all users[39m
2024-05-14 11:53:45:5345 [32minfo[39m: [32mGetting all users from the database[39m
2024-05-14 11:53:48:5348 [35mhttp[39m: [35mGET single user id: 33[39m
2024-05-14 11:53:48:5348 [32minfo[39m: [32mGetting user 33 from the database[39m
2024-05-14 11:53:49:5349 [35mhttp[39m: [35mDELETE single user id: 33[39m
2024-05-14 11:53:49:5349 [32minfo[39m: [32mGetting user 33 from the database[39m
2024-05-14 11:53:49:5349 [32minfo[39m: [32mDeleting user 33[39m
2024-05-14 11:53:49:5349 [35mhttp[39m: [35mGET all users[39m
2024-05-14 11:53:49:5349 [32minfo[39m: [32mGetting all users from the database[39m
2024-05-14 11:53:51:5351 [35mhttp[39m: [35mGET single user id: 27[39m
2024-05-14 11:53:51:5351 [32minfo[39m: [32mGetting user 27 from the database[39m
2024-05-14 11:53:52:5352 [35mhttp[39m: [35mDELETE single user id: 27[39m
2024-05-14 11:53:52:5352 [32minfo[39m: [32mGetting user 27 from the database[39m
2024-05-14 11:53:52:5352 [32minfo[39m: [32mDeleting user 27[39m
2024-05-14 11:53:52:5352 [35mhttp[39m: [35mGET all users[39m
2024-05-14 11:53:52:5352 [32minfo[39m: [32mGetting all users from the database[39m
2024-05-16 08:34:55:3455 [32minfo[39m: [32mSuccessfully connected to database[39m
2024-05-16 08:34:55:3455 [32minfo[39m: [32mListening on port: 3000[39m
2024-05-16 08:35:00:350 [35mhttp[39m: [35mGET all users[39m
2024-05-16 08:35:00:350 [32minfo[39m: [32mGetting all users from the database[39m
2024-05-16 08:36:38:3638 [35mhttp[39m: [35mGET all users[39m
2024-05-16 08:36:38:3638 [32minfo[39m: [32mGetting all users from the database[39m
2024-05-16 08:36:55:3655 [35mhttp[39m: [35mGET all users[39m
2024-05-16 08:36:55:3655 [32minfo[39m: [32mGetting all users from the database[39m
2024-05-16 08:41:36:4136 [35mhttp[39m: [35mGET all users[39m
2024-05-16 08:41:36:4136 [32minfo[39m: [32mGetting all users from the database[39m
2024-05-16 08:41:53:4153 [35mhttp[39m: [35mPOST create a user with username: DoodleBob[39m
2024-05-16 08:41:53:4153 [32minfo[39m: [32mAdding user DoodleBob to the database[39m
2024-05-16 08:41:56:4156 [35mhttp[39m: [35mGET all users[39m
2024-05-16 08:41:56:4156 [32minfo[39m: [32mGetting all users from the database[39m
2024-05-16 08:44:36:4436 [35mhttp[39m: [35mGET all users[39m
2024-05-16 08:44:36:4436 [32minfo[39m: [32mGetting all users from the database[39m
2024-05-16 08:46:27:4627 [35mhttp[39m: [35mGET all users[39m
2024-05-16 08:46:27:4627 [32minfo[39m: [32mGetting all users from the database[39m
2024-05-16 08:47:00:470 [35mhttp[39m: [35mGET all users[39m
2024-05-16 08:47:00:470 [32minfo[39m: [32mGetting all users from the database[39m
2024-05-16 08:47:13:4713 [35mhttp[39m: [35mGET all users[39m
2024-05-16 08:47:13:4713 [32minfo[39m: [32mGetting all users from the database[39m
2024-05-16 08:47:18:4718 [35mhttp[39m: [35mGET all users[39m
2024-05-16 08:47:18:4718 [32minfo[39m: [32mGetting all users from the database[39m
2024-05-16 08:47:46:4746 [35mhttp[39m: [35mGET all users[39m
2024-05-16 08:47:46:4746 [32minfo[39m: [32mGetting all users from the database[39m
2024-05-16 08:47:55:4755 [35mhttp[39m: [35mPOST create a user with username: Jeff[39m
2024-05-16 08:47:55:4755 [32minfo[39m: [32mAdding user Jeff to the database[39m
2024-05-16 08:47:58:4758 [35mhttp[39m: [35mGET all users[39m
2024-05-16 08:47:58:4758 [32minfo[39m: [32mGetting all users from the database[39m
2024-05-16 08:49:04:494 [35mhttp[39m: [35mGET all users[39m
2024-05-16 08:49:04:494 [32minfo[39m: [32mGetting all users from the database[39m
2024-05-16 08:49:27:4927 [35mhttp[39m: [35mGET all users[39m
2024-05-16 08:49:27:4927 [32minfo[39m: [32mGetting all users from the database[39m
2024-05-16 08:49:37:4937 [35mhttp[39m: [35mPOST create a user with username: Now[39m
2024-05-16 08:49:37:4937 [32minfo[39m: [32mAdding user Now to the database[39m
2024-05-16 08:49:43:4943 [35mhttp[39m: [35mGET all users[39m
2024-05-16 08:49:43:4943 [32minfo[39m: [32mGetting all users from the database[39m
2024-05-16 08:50:02:502 [35mhttp[39m: [35mGET all users[39m
2024-05-16 08:50:02:502 [32minfo[39m: [32mGetting all users from the database[39m
2024-05-16 08:50:12:5012 [35mhttp[39m: [35mPOST create a user with username: Now?[39m
2024-05-16 08:50:12:5012 [32minfo[39m: [32mAdding user Now? to the database[39m
2024-05-16 08:50:12:5012 [35mhttp[39m: [35mGET all users[39m
2024-05-16 08:50:12:5012 [32minfo[39m: [32mGetting all users from the database[39m
2024-05-16 08:50:16:5016 [35mhttp[39m: [35mGET single user id: 44[39m
2024-05-16 08:50:16:5016 [32minfo[39m: [32mGetting user 44 from the database[39m
2024-05-16 08:50:17:5017 [35mhttp[39m: [35mDELETE single user id: 44[39m
2024-05-16 08:50:17:5017 [32minfo[39m: [32mGetting user 44 from the database[39m
2024-05-16 08:50:17:5017 [32minfo[39m: [32mDeleting user 44[39m
2024-05-16 08:50:17:5017 [35mhttp[39m: [35mGET all users[39m
2024-05-16 08:50:17:5017 [32minfo[39m: [32mGetting all users from the database[39m
2024-05-16 08:50:20:5020 [35mhttp[39m: [35mGET single user id: 43[39m
2024-05-16 08:50:20:5020 [32minfo[39m: [32mGetting user 43 from the database[39m
2024-05-16 08:50:22:5022 [35mhttp[39m: [35mDELETE single user id: 43[39m
2024-05-16 08:50:22:5022 [32minfo[39m: [32mGetting user 43 from the database[39m
2024-05-16 08:50:22:5022 [32minfo[39m: [32mDeleting user 43[39m
2024-05-16 08:50:22:5022 [35mhttp[39m: [35mGET all users[39m
2024-05-16 08:50:22:5022 [32minfo[39m: [32mGetting all users from the database[39m
2024-05-16 09:08:20:820 [35mhttp[39m: [35mGET all users[39m
2024-05-16 09:08:20:820 [32minfo[39m: [32mGetting all users from the database[39m
2024-05-16 09:08:24:824 [35mhttp[39m: [35mGET single user id: 42[39m
2024-05-16 09:08:24:824 [32minfo[39m: [32mGetting user 42 from the database[39m
2024-05-16 09:08:26:826 [35mhttp[39m: [35mDELETE single user id: 42[39m
2024-05-16 09:08:26:826 [32minfo[39m: [32mGetting user 42 from the database[39m
2024-05-16 09:08:26:826 [32minfo[39m: [32mDeleting user 42[39m
2024-05-16 09:08:26:826 [35mhttp[39m: [35mGET all users[39m
2024-05-16 09:08:26:826 [32minfo[39m: [32mGetting all users from the database[39m
2024-05-16 09:08:30:830 [35mhttp[39m: [35mGET all users[39m
2024-05-16 09:08:30:830 [32minfo[39m: [32mGetting all users from the database[39m
2024-05-16 09:09:57:957 [35mhttp[39m: [35mGET all users[39m
2024-05-16 09:09:57:957 [32minfo[39m: [32mGetting all users from the database[39m
2024-05-16 09:10:48:1048 [35mhttp[39m: [35mGET all users[39m
2024-05-16 09:10:48:1048 [32minfo[39m: [32mGetting all users from the database[39m
2024-05-16 09:15:36:1536 [35mhttp[39m: [35mGET all users[39m
2024-05-16 09:15:36:1536 [32minfo[39m: [32mGetting all users from the database[39m
2024-05-16 09:15:40:1540 [35mhttp[39m: [35mGET single user id: 41[39m
2024-05-16 09:15:40:1540 [32minfo[39m: [32mGetting user 41 from the database[39m
2024-05-16 09:15:41:1541 [35mhttp[39m: [35mDELETE single user id: 41[39m
2024-05-16 09:15:41:1541 [32minfo[39m: [32mGetting user 41 from the database[39m
2024-05-16 09:15:41:1541 [32minfo[39m: [32mDeleting user 41[39m
2024-05-16 09:15:41:1541 [35mhttp[39m: [35mGET all users[39m
2024-05-16 09:15:41:1541 [32minfo[39m: [32mGetting all users from the database[39m
2024-05-16 09:15:49:1549 [35mhttp[39m: [35mGET all users[39m
2024-05-16 09:15:49:1549 [32minfo[39m: [32mGetting all users from the database[39m
2024-05-16 09:28:54:2854 [35mhttp[39m: [35mGET all users[39m
2024-05-16 09:28:54:2854 [32minfo[39m: [32mGetting all users from the database[39m
