2024-05-14 15:21:07:217 [31merror[39m: [31mUnable to connect to MySQL.[39m
2024-05-16 12:40:44:4044 [31merror[39m: [31mTable 'lha209_seng_365_ref_server.petition' doesn't exist[39m
2024-05-16 12:40:45:4045 [31merror[39m: [31mTable 'lha209_seng_365_ref_server.petition' doesn't exist[39m
2024-05-16 12:40:45:4045 [31merror[39m: [31mTable 'lha209_seng_365_ref_server.petition' doesn't exist[39m
2024-05-16 12:40:46:4046 [31merror[39m: [31mTable 'lha209_seng_365_ref_server.petition' doesn't exist[39m
2024-05-16 12:40:46:4046 [31merror[39m: [31mTable 'lha209_seng_365_ref_server.petition' doesn't exist[39m
2024-05-16 12:40:46:4046 [31merror[39m: [31mTable 'lha209_seng_365_ref_server.petition' doesn't exist[39m
2024-05-16 12:40:46:4046 [31merror[39m: [31mTable 'lha209_seng_365_ref_server.petition' doesn't exist[39m
2024-05-16 12:40:46:4046 [31merror[39m: [31mTable 'lha209_seng_365_ref_server.petition' doesn't exist[39m
2024-05-16 12:40:46:4046 [31merror[39m: [31mTable 'lha209_seng_365_ref_server.petition' doesn't exist[39m
2024-05-16 12:41:31:4131 [31merror[39m: [31mTable 'lha209_seng_365_ref_server.petition' doesn't exist[39m
2024-05-16 12:41:31:4131 [31merror[39m: [31mTable 'lha209_seng_365_ref_server.petition' doesn't exist[39m
2024-05-16 12:41:32:4132 [31merror[39m: [31mTable 'lha209_seng_365_ref_server.petition' doesn't exist[39m
2024-05-16 12:41:32:4132 [31merror[39m: [31mTable 'lha209_seng_365_ref_server.petition' doesn't exist[39m
2024-05-16 12:41:32:4132 [31merror[39m: [31mTable 'lha209_seng_365_ref_server.petition' doesn't exist[39m
2024-05-16 12:41:32:4132 [31merror[39m: [31mTable 'lha209_seng_365_ref_server.petition' doesn't exist[39m
2024-05-16 12:41:32:4132 [31merror[39m: [31mTable 'lha209_seng_365_ref_server.petition' doesn't exist[39m
2024-05-16 12:41:32:4132 [31merror[39m: [31mTable 'lha209_seng_365_ref_server.petition' doesn't exist[39m
2024-05-16 12:41:44:4144 [31merror[39m: [31mTable 'lha209_seng_365_ref_server.petition' doesn't exist[39m
2024-05-20 13:43:32:4332 [31merror[39m: [31mENOENT: no such file or directory, open './storage/images/user_11.jpg'[39m
2024-05-20 13:47:07:477 [31merror[39m: [31mENOENT: no such file or directory, open './storage/images/user_11.jpg'[39m
2024-05-20 13:48:57:4857 [31merror[39m: [31mENOENT: no such file or directory, open './storage/images/user_11.jpg'[39m
2024-05-20 13:55:11:5511 [31merror[39m: [31mENOENT: no such file or directory, open './storage/images/user_11.jpg'[39m
2024-05-20 13:55:14:5514 [31merror[39m: [31mENOENT: no such file or directory, open './storage/images/user_11.jpg'[39m
2024-05-20 13:56:17:5617 [31merror[39m: [31mENOENT: no such file or directory, open './storage/images/user_11.jpg'[39m
2024-05-20 13:56:28:5628 [31merror[39m: [31mENOENT: no such file or directory, open './storage/images/user_11.jpg'[39m
2024-05-20 13:56:38:5638 [31merror[39m: [31mENOENT: no such file or directory, open './storage/images/user_11.jpg'[39m
2024-05-20 14:05:27:527 [31merror[39m: [31mENOENT: no such file or directory, open './storage/images/user_11.jpg'[39m
2024-05-20 14:06:59:659 [31merror[39m: [31mENOENT: no such file or directory, open './storage/images/user_11.jpg'[39m
2024-05-20 14:09:32:932 [31merror[39m: [31mENOENT: no such file or directory, open './storage/images/user_11.jpg'[39m
2024-05-20 14:09:39:939 [31merror[39m: [31mENOENT: no such file or directory, open './storage/images/user_11.jpg'[39m
2024-05-20 14:09:46:946 [31merror[39m: [31mENOENT: no such file or directory, open './storage/images/user_11.jpg'[39m
2024-05-20 14:10:46:1046 [31merror[39m: [31mENOENT: no such file or directory, open './storage/images/user_11.jpg'[39m
2024-05-20 14:12:20:1220 [31merror[39m: [31mENOENT: no such file or directory, open './storage/images/user_11.jpg'[39m
2024-05-20 14:13:03:133 [31merror[39m: [31mENOENT: no such file or directory, open './storage/images/user_11.jpg'[39m
2024-05-20 14:13:24:1324 [31merror[39m: [31mENOENT: no such file or directory, open './storage/images/user_11.jpg'[39m
2024-05-20 14:13:37:1337 [31merror[39m: [31mENOENT: no such file or directory, open './storage/images/user_11.jpg'[39m
2024-05-20 14:14:03:143 [31merror[39m: [31mENOENT: no such file or directory, open './storage/images/user_11.jpg'[39m
2024-05-20 14:14:18:1418 [31merror[39m: [31mENOENT: no such file or directory, open './storage/images/user_11.jpg'[39m
2024-05-20 14:16:54:1654 [31merror[39m: [31mENOENT: no such file or directory, open './storage/images/user_11.jpg'[39m
2024-05-20 14:20:07:207 [31merror[39m: [31mENOENT: no such file or directory, open './storage/images/user_11.jpg'[39m
2024-05-20 14:41:37:4137 [31merror[39m: [31mENOENT: no such file or directory, open './storage/images/user_11.jpg'[39m
2024-05-20 14:41:42:4142 [31merror[39m: [31mENOENT: no such file or directory, open './storage/images/user_11.jpg'[39m
2024-05-20 14:41:46:4146 [31merror[39m: [31mENOENT: no such file or directory, open './storage/images/user_11.jpg'[39m
2024-05-20 14:42:40:4240 [31merror[39m: [31mENOENT: no such file or directory, open './storage/images/user_11.jpg'[39m
2024-05-20 14:42:47:4247 [31merror[39m: [31mENOENT: no such file or directory, open './storage/images/user_11.jpg'[39m
2024-05-20 15:17:12:1712 [31merror[39m: [31mENOENT: no such file or directory, open './storage/images/user_11.jpg'[39m
2024-05-20 15:17:17:1717 [31merror[39m: [31mENOENT: no such file or directory, open './storage/images/user_11.jpg'[39m
2024-05-20 15:17:26:1726 [31merror[39m: [31mENOENT: no such file or directory, open './storage/images/user_11.jpg'[39m
2024-05-20 15:18:19:1819 [31merror[39m: [31mENOENT: no such file or directory, open './storage/images/user_11.jpg'[39m
2024-05-20 15:18:21:1821 [31merror[39m: [31mENOENT: no such file or directory, open './storage/images/user_11.jpg'[39m
2024-05-20 15:18:25:1825 [31merror[39m: [31mENOENT: no such file or directory, open './storage/images/user_11.jpg'[39m
2024-05-20 15:18:52:1852 [31merror[39m: [31mENOENT: no such file or directory, open './storage/images/user_11.jpg'[39m
2024-05-20 15:18:54:1854 [31merror[39m: [31mENOENT: no such file or directory, open './storage/images/user_11.jpg'[39m
2024-05-20 15:18:56:1856 [31merror[39m: [31mENOENT: no such file or directory, open './storage/images/user_11.jpg'[39m
2024-05-20 15:19:17:1917 [31merror[39m: [31mENOENT: no such file or directory, open './storage/images/user_11.jpg'[39m
2024-05-20 15:19:19:1919 [31merror[39m: [31mENOENT: no such file or directory, open './storage/images/user_11.jpg'[39m
2024-05-20 15:38:26:3826 [31merror[39m: [31mENOENT: no such file or directory, open './storage/images/user_11.jpg'[39m
2024-05-20 15:38:45:3845 [31merror[39m: [31mENOENT: no such file or directory, open './storage/images/user_11.jpg'[39m
2024-05-20 15:38:52:3852 [31merror[39m: [31mENOENT: no such file or directory, open './storage/images/user_11.jpg'[39m
2024-05-20 15:38:56:3856 [31merror[39m: [31mENOENT: no such file or directory, open './storage/images/user_11.jpg'[39m
2024-05-20 15:38:59:3859 [31merror[39m: [31mENOENT: no such file or directory, open './storage/images/user_11.jpg'[39m
2024-05-20 15:39:25:3925 [31merror[39m: [31mENOENT: no such file or directory, open './storage/images/user_11.jpg'[39m
2024-05-20 15:39:28:3928 [31merror[39m: [31mENOENT: no such file or directory, open './storage/images/user_11.jpg'[39m
2024-05-20 15:39:45:3945 [31merror[39m: [31mENOENT: no such file or directory, open './storage/images/user_11.jpg'[39m
2024-05-20 15:40:07:407 [31merror[39m: [31mENOENT: no such file or directory, open './storage/images/user_11.jpg'[39m
2024-05-20 15:40:13:4013 [31merror[39m: [31mENOENT: no such file or directory, open './storage/images/user_11.jpg'[39m
2024-05-20 15:40:33:4033 [31merror[39m: [31mENOENT: no such file or directory, open './storage/images/user_11.jpg'[39m
2024-05-20 15:40:35:4035 [31merror[39m: [31mENOENT: no such file or directory, open './storage/images/user_11.jpg'[39m
2024-05-20 15:41:45:4145 [31merror[39m: [31mENOENT: no such file or directory, open './storage/images/user_11.jpg'[39m
2024-05-20 15:41:50:4150 [31merror[39m: [31mENOENT: no such file or directory, open './storage/images/user_11.jpg'[39m
2024-05-20 15:42:01:421 [31merror[39m: [31mENOENT: no such file or directory, open './storage/images/user_11.jpg'[39m
2024-05-20 15:42:29:4229 [31merror[39m: [31mENOENT: no such file or directory, open './storage/images/user_11.jpg'[39m
2024-05-20 15:42:42:4242 [31merror[39m: [31mENOENT: no such file or directory, open './storage/images/user_11.jpg'[39m
2024-05-20 15:42:44:4244 [31merror[39m: [31mENOENT: no such file or directory, open './storage/images/user_11.jpg'[39m
2024-05-20 15:42:46:4246 [31merror[39m: [31mENOENT: no such file or directory, open './storage/images/user_11.jpg'[39m
2024-05-20 15:42:49:4249 [31merror[39m: [31mENOENT: no such file or directory, open './storage/images/user_11.jpg'[39m
2024-05-20 15:43:01:431 [31merror[39m: [31mENOENT: no such file or directory, open './storage/images/user_11.jpg'[39m
2024-05-20 15:43:58:4358 [31merror[39m: [31mENOENT: no such file or directory, open './storage/images/user_11.jpg'[39m
2024-05-20 15:44:09:449 [31merror[39m: [31mENOENT: no such file or directory, open './storage/images/user_11.jpg'[39m
2024-05-20 15:55:09:559 [31merror[39m: [31mENOENT: no such file or directory, open './storage/images/user_11.jpg'[39m
2024-05-20 15:55:25:5525 [31merror[39m: [31mENOENT: no such file or directory, open './storage/images/user_11.jpg'[39m
2024-05-20 15:57:10:5710 [31merror[39m: [31mENOENT: no such file or directory, open './storage/images/user_11.jpg'[39m
2024-05-20 15:59:30:5930 [31merror[39m: [31mENOENT: no such file or directory, open './storage/images/user_11.jpg'[39m
2024-05-20 15:59:44:5944 [31merror[39m: [31mENOENT: no such file or directory, open './storage/images/user_11.jpg'[39m
2024-05-20 16:02:45:245 [31merror[39m: [31mENOENT: no such file or directory, open './storage/images/user_11.jpg'[39m
2024-05-20 16:05:40:540 [31merror[39m: [31mENOENT: no such file or directory, open './storage/images/user_11.jpg'[39m
2024-05-20 16:07:56:756 [31merror[39m: [31mENOENT: no such file or directory, open './storage/images/user_11.jpg'[39m
2024-05-20 16:25:37:2537 [31merror[39m: [31mENOENT: no such file or directory, open './storage/images/user_11.jpg'[39m
2024-05-20 16:26:14:2614 [31merror[39m: [31mENOENT: no such file or directory, open './storage/images/user_11.jpg'[39m
2024-05-20 16:31:29:3129 [31merror[39m: [31mENOENT: no such file or directory, open './storage/images/user_11.jpg'[39m
2024-05-20 16:31:33:3133 [31merror[39m: [31mENOENT: no such file or directory, open './storage/images/user_11.jpg'[39m
2024-05-20 16:31:48:3148 [31merror[39m: [31mENOENT: no such file or directory, open './storage/images/user_11.jpg'[39m
2024-05-20 16:42:11:4211 [31merror[39m: [31mENOENT: no such file or directory, open './storage/images/user_11.jpg'[39m
2024-05-20 16:42:14:4214 [31merror[39m: [31mENOENT: no such file or directory, open './storage/images/user_11.jpg'[39m
2024-05-20 17:05:15:515 [31merror[39m: [31mENOENT: no such file or directory, open './storage/images/user_11.jpg'[39m
2024-05-20 17:10:31:1031 [31merror[39m: [31mENOENT: no such file or directory, open './storage/images/user_11.jpg'[39m
2024-05-20 17:10:40:1040 [31merror[39m: [31mENOENT: no such file or directory, open './storage/images/user_11.jpg'[39m
2024-05-20 17:10:41:1041 [31merror[39m: [31mENOENT: no such file or directory, open './storage/images/user_11.jpg'[39m
2024-05-20 17:13:54:1354 [31merror[39m: [31mENOENT: no such file or directory, open './storage/images/user_11.jpg'[39m
2024-05-20 17:14:02:142 [31merror[39m: [31mENOENT: no such file or directory, open './storage/images/user_11.jpg'[39m
2024-05-20 17:16:31:1631 [31merror[39m: [31mENOENT: no such file or directory, open './storage/images/user_11.jpg'[39m
2024-05-20 17:16:39:1639 [31merror[39m: [31mENOENT: no such file or directory, open './storage/images/user_11.jpg'[39m
2024-05-20 17:16:43:1643 [31merror[39m: [31mENOENT: no such file or directory, open './storage/images/user_11.jpg'[39m
2024-05-20 17:16:48:1648 [31merror[39m: [31mENOENT: no such file or directory, open './storage/images/user_11.jpg'[39m
2024-05-20 17:16:54:1654 [31merror[39m: [31mENOENT: no such file or directory, open './storage/images/user_11.jpg'[39m
2024-05-20 17:17:10:1710 [31merror[39m: [31mENOENT: no such file or directory, open './storage/images/user_11.jpg'[39m
2024-05-20 17:17:13:1713 [31merror[39m: [31mENOENT: no such file or directory, open './storage/images/user_11.jpg'[39m
2024-05-20 17:17:16:1716 [31merror[39m: [31mENOENT: no such file or directory, open './storage/images/user_11.jpg'[39m
2024-05-20 17:17:20:1720 [31merror[39m: [31mENOENT: no such file or directory, open './storage/images/user_11.jpg'[39m
2024-05-20 17:17:29:1729 [31merror[39m: [31mENOENT: no such file or directory, open './storage/images/user_11.jpg'[39m
2024-05-20 17:18:04:184 [31merror[39m: [31mENOENT: no such file or directory, open './storage/images/user_11.jpg'[39m
2024-05-20 17:19:25:1925 [31merror[39m: [31mENOENT: no such file or directory, open './storage/images/user_11.jpg'[39m
2024-05-20 17:20:20:2020 [31merror[39m: [31mENOENT: no such file or directory, open './storage/images/user_11.jpg'[39m
2024-05-20 17:50:57:5057 [31merror[39m: [31mENOENT: no such file or directory, open './storage/images/user_11.jpg'[39m
2024-05-20 17:51:06:516 [31merror[39m: [31mENOENT: no such file or directory, open './storage/images/user_11.jpg'[39m
2024-05-20 17:51:08:518 [31merror[39m: [31mENOENT: no such file or directory, open './storage/images/user_11.jpg'[39m
2024-05-20 17:51:17:5117 [31merror[39m: [31mENOENT: no such file or directory, open './storage/images/user_11.jpg'[39m
2024-05-20 17:54:57:5457 [31merror[39m: [31mENOENT: no such file or directory, open './storage/images/user_11.jpg'[39m
2024-05-20 17:55:02:552 [31merror[39m: [31mENOENT: no such file or directory, open './storage/images/user_11.jpg'[39m
2024-05-20 17:55:53:5553 [31merror[39m: [31mENOENT: no such file or directory, open './storage/images/user_11.jpg'[39m
2024-05-20 17:55:56:5556 [31merror[39m: [31mENOENT: no such file or directory, open './storage/images/user_11.jpg'[39m
2024-05-20 17:55:59:5559 [31merror[39m: [31mENOENT: no such file or directory, open './storage/images/user_11.jpg'[39m
2024-05-21 09:32:57:3257 [31merror[39m: [31mENOENT: no such file or directory, open './storage/images/user_11.jpg'[39m
2024-05-21 09:33:04:334 [31merror[39m: [31mENOENT: no such file or directory, open './storage/images/user_11.jpg'[39m
2024-05-21 09:33:15:3315 [31merror[39m: [31mENOENT: no such file or directory, open './storage/images/user_11.jpg'[39m
2024-05-21 09:33:18:3318 [31merror[39m: [31mENOENT: no such file or directory, open './storage/images/user_11.jpg'[39m
2024-05-21 09:33:25:3325 [31merror[39m: [31mENOENT: no such file or directory, open './storage/images/user_11.jpg'[39m
2024-05-21 09:33:30:3330 [31merror[39m: [31mENOENT: no such file or directory, open './storage/images/user_11.jpg'[39m
2024-05-21 09:33:33:3333 [31merror[39m: [31mENOENT: no such file or directory, open './storage/images/user_11.jpg'[39m
2024-05-21 09:33:44:3344 [31merror[39m: [31mENOENT: no such file or directory, open './storage/images/user_11.jpg'[39m
2024-05-21 09:46:26:4626 [31merror[39m: [31mENOENT: no such file or directory, open './storage/images/user_11.jpg'[39m
2024-05-21 09:46:36:4636 [31merror[39m: [31mENOENT: no such file or directory, open './storage/images/user_11.jpg'[39m
2024-05-21 09:47:15:4715 [31merror[39m: [31mENOENT: no such file or directory, open './storage/images/user_11.jpg'[39m
2024-05-21 09:47:42:4742 [31merror[39m: [31mENOENT: no such file or directory, open './storage/images/user_11.jpg'[39m
2024-05-21 09:48:27:4827 [31merror[39m: [31mENOENT: no such file or directory, open './storage/images/user_11.jpg'[39m
2024-05-21 09:53:15:5315 [31merror[39m: [31mENOENT: no such file or directory, open './storage/images/user_11.jpg'[39m
2024-05-21 09:56:10:5610 [31merror[39m: [31mENOENT: no such file or directory, open './storage/images/user_11.jpg'[39m
2024-05-21 09:58:03:583 [31merror[39m: [31mENOENT: no such file or directory, open './storage/images/user_11.jpg'[39m
2024-05-21 09:58:07:587 [31merror[39m: [31mENOENT: no such file or directory, open './storage/images/user_11.jpg'[39m
2024-05-21 09:58:10:5810 [31merror[39m: [31mENOENT: no such file or directory, open './storage/images/user_11.jpg'[39m
2024-05-21 09:58:11:5811 [31merror[39m: [31mENOENT: no such file or directory, open './storage/images/user_11.jpg'[39m
2024-05-21 09:58:13:5813 [31merror[39m: [31mENOENT: no such file or directory, open './storage/images/user_11.jpg'[39m
2024-05-21 09:58:29:5829 [31merror[39m: [31mENOENT: no such file or directory, open './storage/images/user_11.jpg'[39m
2024-05-21 09:59:59:5959 [31merror[39m: [31mENOENT: no such file or directory, open './storage/images/user_11.jpg'[39m
2024-05-21 10:00:04:04 [31merror[39m: [31mENOENT: no such file or directory, open './storage/images/user_11.jpg'[39m
2024-05-21 10:02:25:225 [31merror[39m: [31mENOENT: no such file or directory, open './storage/images/user_11.jpg'[39m
2024-05-21 10:05:09:59 [31merror[39m: [31mENOENT: no such file or directory, open './storage/images/user_11.jpg'[39m
2024-05-21 10:32:16:3216 [31merror[39m: [31mDuplicate entry 'k@gmail.com' for key 'unique_key'[39m
2024-05-21 10:33:09:339 [31merror[39m: [31mDuplicate entry 'k@gmail.com' for key 'unique_key'[39m
2024-05-21 11:30:24:3024 [31merror[39m: [31mDuplicate entry 'k@gmail.com' for key 'unique_key'[39m
2024-05-21 11:31:08:318 [31merror[39m: [31mDuplicate entry 'k@gmail.com' for key 'unique_key'[39m
2024-05-21 11:32:19:3219 [31merror[39m: [31mDuplicate entry 'k@gmail.com' for key 'unique_key'[39m
2024-05-21 11:43:31:4331 [31merror[39m: [31mDuplicate entry 'k@gmail.com' for key 'unique_key'[39m
2024-05-21 11:44:13:4413 [31merror[39m: [31mDuplicate entry 'mygmail@gmail.com' for key 'unique_key'[39m
2024-05-21 14:24:05:245 [31merror[39m: [31mENOENT: no such file or directory, open './storage/images/user_11.jpg'[39m
2024-05-21 14:24:18:2418 [31merror[39m: [31mENOENT: no such file or directory, open './storage/images/user_11.jpg'[39m
2024-05-21 14:44:01:441 [31merror[39m: [31mDuplicate entry 'k@gmail.com' for key 'unique_key'[39m
2024-05-21 14:54:05:545 [31merror[39m: [31mDuplicate entry 'k@gmail.com' for key 'unique_key'[39m
2024-05-21 15:55:28:5528 [31merror[39m: [31mENOENT: no such file or directory, open './storage/images/user_11.jpg'[39m
2024-05-21 16:12:08:128 [31merror[39m: [31mENOENT: no such file or directory, open './storage/images/user_11.jpg'[39m
2024-05-21 16:12:21:1221 [31merror[39m: [31mENOENT: no such file or directory, open './storage/images/user_11.jpg'[39m
2024-05-21 16:18:00:180 [31merror[39m: [31mENOENT: no such file or directory, open './storage/images/user_11.jpg'[39m
2024-05-21 16:18:06:186 [31merror[39m: [31mENOENT: no such file or directory, open './storage/images/user_11.jpg'[39m
2024-05-21 16:19:21:1921 [31merror[39m: [31mENOENT: no such file or directory, open './storage/images/user_11.jpg'[39m
2024-05-21 16:22:28:2228 [31merror[39m: [31mENOENT: no such file or directory, open './storage/images/user_11.jpg'[39m
2024-05-21 16:23:29:2329 [31merror[39m: [31mENOENT: no such file or directory, open './storage/images/user_11.jpg'[39m
2024-05-21 16:24:27:2427 [31merror[39m: [31mDuplicate entry 'gm@gmail.com' for key 'unique_key'[39m
2024-05-21 16:25:03:253 [31merror[39m: [31mENOENT: no such file or directory, open './storage/images/user_11.jpg'[39m
2024-05-21 16:25:49:2549 [31merror[39m: [31mENOENT: no such file or directory, open './storage/images/user_11.jpg'[39m
2024-05-21 16:26:15:2615 [31merror[39m: [31mDuplicate entry 'k@gmail.com' for key 'unique_key'[39m
2024-05-21 16:26:44:2644 [31merror[39m: [31mENOENT: no such file or directory, open './storage/images/user_11.jpg'[39m
2024-05-21 16:29:28:2928 [31merror[39m: [31mDuplicate entry 'gm@gmail.com' for key 'unique_key'[39m
2024-05-21 16:30:00:300 [31merror[39m: [31mDuplicate entry 'bozo@gmail.com' for key 'unique_key'[39m
2024-05-21 16:54:24:5424 [31merror[39m: [31mENOENT: no such file or directory, open './storage/images/user_11.jpg'[39m
2024-05-21 16:55:45:5545 [31merror[39m: [31mENOENT: no such file or directory, open './storage/images/user_11.jpg'[39m
2024-05-21 17:04:54:454 [31merror[39m: [31mENOENT: no such file or directory, open './storage/images/user_11.jpg'[39m
2024-05-21 17:05:03:53 [31merror[39m: [31mENOENT: no such file or directory, open './storage/images/user_11.jpg'[39m
2024-05-21 17:05:35:535 [31merror[39m: [31mENOENT: no such file or directory, open './storage/images/user_11.jpg'[39m
2024-05-21 17:05:38:538 [31merror[39m: [31mENOENT: no such file or directory, open './storage/images/user_11.jpg'[39m
2024-05-21 17:06:52:652 [31merror[39m: [31mENOENT: no such file or directory, open './storage/images/user_11.jpg'[39m
2024-05-21 17:06:54:654 [31merror[39m: [31mENOENT: no such file or directory, open './storage/images/user_11.jpg'[39m
2024-05-21 17:08:20:820 [31merror[39m: [31mENOENT: no such file or directory, open './storage/images/user_11.jpg'[39m
2024-05-21 17:08:22:822 [31merror[39m: [31mENOENT: no such file or directory, open './storage/images/user_11.jpg'[39m
2024-05-21 17:08:28:828 [31merror[39m: [31mENOENT: no such file or directory, open './storage/images/user_11.jpg'[39m
2024-05-21 17:08:31:831 [31merror[39m: [31mENOENT: no such file or directory, open './storage/images/user_11.jpg'[39m
2024-05-21 17:09:00:90 [31merror[39m: [31mENOENT: no such file or directory, open './storage/images/user_11.jpg'[39m
2024-05-21 17:09:50:950 [31merror[39m: [31mENOENT: no such file or directory, open './storage/images/user_11.jpg'[39m
2024-05-21 17:09:59:959 [31merror[39m: [31mENOENT: no such file or directory, open './storage/images/user_11.jpg'[39m
2024-05-21 17:10:00:100 [31merror[39m: [31mENOENT: no such file or directory, open './storage/images/user_11.jpg'[39m
2024-05-21 17:10:30:1030 [31merror[39m: [31mENOENT: no such file or directory, open './storage/images/user_11.jpg'[39m
2024-05-21 17:10:31:1031 [31merror[39m: [31mENOENT: no such file or directory, open './storage/images/user_11.jpg'[39m
2024-05-21 17:10:56:1056 [31merror[39m: [31mENOENT: no such file or directory, open './storage/images/user_11.jpg'[39m
2024-05-21 17:11:16:1116 [31merror[39m: [31mENOENT: no such file or directory, open './storage/images/user_11.jpg'[39m
2024-05-21 17:11:24:1124 [31merror[39m: [31mENOENT: no such file or directory, open './storage/images/user_11.jpg'[39m
2024-05-21 17:11:25:1125 [31merror[39m: [31mENOENT: no such file or directory, open './storage/images/user_11.jpg'[39m
2024-05-21 17:11:25:1125 [31merror[39m: [31mENOENT: no such file or directory, open './storage/images/user_11.jpg'[39m
2024-05-21 17:13:06:136 [31merror[39m: [31mENOENT: no such file or directory, open './storage/images/user_11.jpg'[39m
2024-05-21 17:13:07:137 [31merror[39m: [31mENOENT: no such file or directory, open './storage/images/user_11.jpg'[39m
2024-05-21 17:15:12:1512 [31merror[39m: [31mENOENT: no such file or directory, open './storage/images/user_11.jpg'[39m
2024-05-21 17:15:22:1522 [31merror[39m: [31mENOENT: no such file or directory, open './storage/images/user_11.jpg'[39m
2024-05-21 17:15:49:1549 [31merror[39m: [31mENOENT: no such file or directory, open './storage/images/user_11.jpg'[39m
2024-05-21 17:15:52:1552 [31merror[39m: [31mENOENT: no such file or directory, open './storage/images/user_11.jpg'[39m
2024-05-21 17:16:55:1655 [31merror[39m: [31mENOENT: no such file or directory, open './storage/images/user_11.jpg'[39m
2024-05-21 17:16:58:1658 [31merror[39m: [31mENOENT: no such file or directory, open './storage/images/user_11.jpg'[39m
2024-05-21 17:17:13:1713 [31merror[39m: [31mENOENT: no such file or directory, open './storage/images/user_11.jpg'[39m
2024-05-21 17:21:11:2111 [31merror[39m: [31mENOENT: no such file or directory, open './storage/images/user_11.jpg'[39m
2024-05-21 17:23:10:2310 [31merror[39m: [31mENOENT: no such file or directory, open './storage/images/user_11.jpg'[39m
2024-05-21 17:23:21:2321 [31merror[39m: [31mENOENT: no such file or directory, open './storage/images/user_11.jpg'[39m
2024-05-21 17:24:11:2411 [31merror[39m: [31mENOENT: no such file or directory, open './storage/images/user_11.jpg'[39m
2024-05-21 17:24:14:2414 [31merror[39m: [31mENOENT: no such file or directory, open './storage/images/user_11.jpg'[39m
2024-05-21 17:24:49:2449 [31merror[39m: [31mENOENT: no such file or directory, open './storage/images/user_11.jpg'[39m
2024-05-21 17:24:59:2459 [31merror[39m: [31mENOENT: no such file or directory, open './storage/images/user_11.jpg'[39m
2024-05-21 17:24:59:2459 [31merror[39m: [31mENOENT: no such file or directory, open './storage/images/user_11.jpg'[39m
2024-05-21 17:36:27:3627 [31merror[39m: [31mENOENT: no such file or directory, open './storage/images/user_11.jpg'[39m
2024-05-21 17:36:28:3628 [31merror[39m: [31mENOENT: no such file or directory, open './storage/images/user_11.jpg'[39m
2024-05-21 17:36:57:3657 [31merror[39m: [31mENOENT: no such file or directory, open './storage/images/user_11.jpg'[39m
2024-05-21 17:37:00:370 [31merror[39m: [31mENOENT: no such file or directory, open './storage/images/user_11.jpg'[39m
2024-05-21 17:38:29:3829 [31merror[39m: [31mENOENT: no such file or directory, open './storage/images/user_11.jpg'[39m
2024-05-21 17:38:32:3832 [31merror[39m: [31mENOENT: no such file or directory, open './storage/images/user_11.jpg'[39m
2024-05-21 17:38:32:3832 [31merror[39m: [31mENOENT: no such file or directory, open './storage/images/user_11.jpg'[39m
2024-05-21 17:38:53:3853 [31merror[39m: [31mENOENT: no such file or directory, open './storage/images/user_11.jpg'[39m
2024-05-21 17:40:30:4030 [31merror[39m: [31mENOENT: no such file or directory, open './storage/images/user_11.jpg'[39m
2024-05-21 17:40:30:4030 [31merror[39m: [31mENOENT: no such file or directory, open './storage/images/user_11.jpg'[39m
2024-05-21 17:40:35:4035 [31merror[39m: [31mENOENT: no such file or directory, open './storage/images/user_11.jpg'[39m
2024-05-21 17:40:35:4035 [31merror[39m: [31mENOENT: no such file or directory, open './storage/images/user_11.jpg'[39m
2024-05-21 17:41:02:412 [31merror[39m: [31mENOENT: no such file or directory, open './storage/images/user_11.jpg'[39m
2024-05-21 17:41:19:4119 [31merror[39m: [31mENOENT: no such file or directory, open './storage/images/user_11.jpg'[39m
2024-05-21 17:41:19:4119 [31merror[39m: [31mENOENT: no such file or directory, open './storage/images/user_11.jpg'[39m
2024-05-21 17:41:29:4129 [31merror[39m: [31mENOENT: no such file or directory, open './storage/images/user_11.jpg'[39m
2024-05-21 17:41:41:4141 [31merror[39m: [31mENOENT: no such file or directory, open './storage/images/user_11.jpg'[39m
2024-05-21 17:41:41:4141 [31merror[39m: [31mENOENT: no such file or directory, open './storage/images/user_11.jpg'[39m
2024-05-21 17:42:15:4215 [31merror[39m: [31mENOENT: no such file or directory, open './storage/images/user_11.jpg'[39m
2024-05-21 17:43:36:4336 [31merror[39m: [31mENOENT: no such file or directory, open './storage/images/user_11.jpg'[39m
2024-05-21 17:44:01:441 [31merror[39m: [31mENOENT: no such file or directory, open './storage/images/user_11.jpg'[39m
2024-05-21 17:44:20:4420 [31merror[39m: [31mENOENT: no such file or directory, open './storage/images/user_11.jpg'[39m
2024-05-21 17:44:22:4422 [31merror[39m: [31mENOENT: no such file or directory, open './storage/images/user_11.jpg'[39m
2024-05-21 17:44:22:4422 [31merror[39m: [31mENOENT: no such file or directory, open './storage/images/user_11.jpg'[39m
2024-05-22 12:56:40:5640 [31merror[39m: [31mENOENT: no such file or directory, open './storage/images/user_11.jpg'[39m
2024-05-22 12:57:10:5710 [31merror[39m: [31mENOENT: no such file or directory, open './storage/images/user_11.jpg'[39m
2024-05-22 12:57:19:5719 [31merror[39m: [31mENOENT: no such file or directory, open './storage/images/user_11.jpg'[39m
2024-05-22 12:59:20:5920 [31merror[39m: [31mENOENT: no such file or directory, open './storage/images/user_11.jpg'[39m
2024-05-22 13:01:06:16 [31merror[39m: [31mENOENT: no such file or directory, open './storage/images/user_11.jpg'[39m
2024-05-22 13:02:23:223 [31merror[39m: [31mENOENT: no such file or directory, open './storage/images/user_11.jpg'[39m
2024-05-22 13:06:56:656 [31merror[39m: [31mENOENT: no such file or directory, open './storage/images/user_11.jpg'[39m
2024-05-22 13:07:09:79 [31merror[39m: [31mENOENT: no such file or directory, open './storage/images/user_11.jpg'[39m
2024-05-22 13:10:33:1033 [31merror[39m: [31mENOENT: no such file or directory, open './storage/images/user_11.jpg'[39m
2024-05-22 13:13:52:1352 [31merror[39m: [31mENOENT: no such file or directory, open './storage/images/user_11.jpg'[39m
2024-05-22 13:14:40:1440 [31merror[39m: [31mENOENT: no such file or directory, open './storage/images/user_11.jpg'[39m
2024-05-22 13:17:47:1747 [31merror[39m: [31mENOENT: no such file or directory, open './storage/images/user_11.jpg'[39m
2024-05-22 13:24:29:2429 [31merror[39m: [31mENOENT: no such file or directory, open './storage/images/user_11.jpg'[39m
2024-05-22 13:27:13:2713 [31merror[39m: [31mENOENT: no such file or directory, open './storage/images/user_11.jpg'[39m
2024-05-22 13:30:53:3053 [31merror[39m: [31mENOENT: no such file or directory, open './storage/images/user_11.jpg'[39m
2024-05-22 13:30:58:3058 [31merror[39m: [31mENOENT: no such file or directory, open './storage/images/user_11.jpg'[39m
2024-05-22 13:31:21:3121 [31merror[39m: [31mENOENT: no such file or directory, open './storage/images/user_11.jpg'[39m
2024-05-22 14:12:51:1251 [31merror[39m: [31mENOENT: no such file or directory, open './storage/images/user_11.jpg'[39m
2024-05-22 14:13:40:1340 [31merror[39m: [31mENOENT: no such file or directory, open './storage/images/user_11.jpg'[39m
2024-05-22 14:13:43:1343 [31merror[39m: [31mENOENT: no such file or directory, open './storage/images/user_11.jpg'[39m
2024-05-22 14:19:57:1957 [31merror[39m: [31mENOENT: no such file or directory, open './storage/images/user_11.jpg'[39m
2024-05-22 18:24:35:2435 [31merror[39m: [31mENOENT: no such file or directory, open './storage/images/user_11.jpg'[39m
2024-05-22 18:27:51:2751 [31merror[39m: [31mENOENT: no such file or directory, open './storage/images/user_11.jpg'[39m
2024-05-22 18:28:17:2817 [31merror[39m: [31mENOENT: no such file or directory, open './storage/images/user_11.jpg'[39m
2024-05-22 18:29:32:2932 [31merror[39m: [31mENOENT: no such file or directory, open './storage/images/user_11.jpg'[39m
2024-05-22 18:29:57:2957 [31merror[39m: [31mENOENT: no such file or directory, open './storage/images/user_11.jpg'[39m
2024-05-22 18:30:15:3015 [31merror[39m: [31mENOENT: no such file or directory, open './storage/images/user_11.jpg'[39m
2024-05-22 18:33:54:3354 [31merror[39m: [31mENOENT: no such file or directory, open './storage/images/user_11.jpg'[39m
2024-05-22 18:34:07:347 [31merror[39m: [31mENOENT: no such file or directory, open './storage/images/user_11.jpg'[39m
2024-05-22 19:00:52:052 [31merror[39m: [31mENOENT: no such file or directory, open './storage/images/user_11.jpg'[39m
2024-05-22 19:03:05:35 [31merror[39m: [31mENOENT: no such file or directory, open './storage/images/user_11.jpg'[39m
2024-05-22 19:03:19:319 [31merror[39m: [31mENOENT: no such file or directory, open './storage/images/user_11.jpg'[39m
2024-05-22 19:04:54:454 [31merror[39m: [31mENOENT: no such file or directory, open './storage/images/user_11.jpg'[39m
2024-05-22 19:06:55:655 [31merror[39m: [31mENOENT: no such file or directory, open './storage/images/user_11.jpg'[39m
2024-05-22 19:21:07:217 [31merror[39m: [31mENOENT: no such file or directory, open './storage/images/user_11.jpg'[39m
2024-05-22 19:23:24:2324 [31merror[39m: [31mENOENT: no such file or directory, open './storage/images/user_11.jpg'[39m
2024-05-22 19:23:35:2335 [31merror[39m: [31mENOENT: no such file or directory, open './storage/images/user_11.jpg'[39m
2024-05-22 19:23:50:2350 [31merror[39m: [31mENOENT: no such file or directory, open './storage/images/user_11.jpg'[39m
2024-05-22 19:26:06:266 [31merror[39m: [31mENOENT: no such file or directory, open './storage/images/user_11.jpg'[39m
2024-05-22 19:26:06:266 [31merror[39m: [31mENOENT: no such file or directory, open './storage/images/user_11.jpg'[39m
2024-05-22 19:26:07:267 [31merror[39m: [31mENOENT: no such file or directory, open './storage/images/user_11.jpg'[39m
2024-05-22 19:26:24:2624 [31merror[39m: [31mENOENT: no such file or directory, open './storage/images/user_11.jpg'[39m
2024-05-22 19:27:35:2735 [31merror[39m: [31mENOENT: no such file or directory, open './storage/images/user_11.jpg'[39m
2024-05-22 19:28:18:2818 [31merror[39m: [31mENOENT: no such file or directory, open './storage/images/user_11.jpg'[39m
2024-05-22 19:29:00:290 [31merror[39m: [31mENOENT: no such file or directory, open './storage/images/user_11.jpg'[39m
2024-05-22 19:36:33:3633 [31merror[39m: [31mENOENT: no such file or directory, open './storage/images/user_11.jpg'[39m
2024-05-22 19:37:05:375 [31merror[39m: [31mENOENT: no such file or directory, open './storage/images/user_11.jpg'[39m
2024-05-22 19:37:39:3739 [31merror[39m: [31mENOENT: no such file or directory, open './storage/images/user_11.jpg'[39m
2024-05-22 19:42:09:429 [31merror[39m: [31mENOENT: no such file or directory, open './storage/images/user_11.jpg'[39m
2024-05-22 19:53:29:5329 [31merror[39m: [31mENOENT: no such file or directory, open './storage/images/user_11.jpg'[39m
2024-05-22 19:53:42:5342 [31merror[39m: [31mENOENT: no such file or directory, open './storage/images/user_11.jpg'[39m
2024-05-22 19:55:56:5556 [31merror[39m: [31mENOENT: no such file or directory, open './storage/images/user_11.jpg'[39m
2024-05-22 20:00:36:036 [31merror[39m: [31mENOENT: no such file or directory, open './storage/images/user_11.jpg'[39m
2024-05-22 20:00:40:040 [31merror[39m: [31mENOENT: no such file or directory, open './storage/images/user_11.jpg'[39m
2024-05-22 20:00:40:040 [31merror[39m: [31mENOENT: no such file or directory, open './storage/images/user_11.jpg'[39m
2024-05-22 20:02:07:27 [31merror[39m: [31mENOENT: no such file or directory, open './storage/images/user_11.jpg'[39m
2024-05-22 20:02:10:210 [31merror[39m: [31mENOENT: no such file or directory, open './storage/images/user_11.jpg'[39m
2024-05-22 20:03:36:336 [31merror[39m: [31mENOENT: no such file or directory, open './storage/images/user_11.jpg'[39m
2024-05-22 20:03:42:342 [31merror[39m: [31mENOENT: no such file or directory, open './storage/images/user_11.jpg'[39m
2024-05-22 20:06:11:611 [31merror[39m: [31mENOENT: no such file or directory, open './storage/images/user_11.jpg'[39m
2024-05-22 20:06:24:624 [31merror[39m: [31mENOENT: no such file or directory, open './storage/images/user_11.jpg'[39m
2024-05-22 20:06:27:627 [31merror[39m: [31mENOENT: no such file or directory, open './storage/images/user_11.jpg'[39m
2024-05-22 20:06:31:631 [31merror[39m: [31mENOENT: no such file or directory, open './storage/images/user_11.jpg'[39m
2024-05-22 20:06:37:637 [31merror[39m: [31mENOENT: no such file or directory, open './storage/images/user_11.jpg'[39m
2024-05-22 20:07:45:745 [31merror[39m: [31mENOENT: no such file or directory, open './storage/images/user_11.jpg'[39m
2024-05-22 20:08:29:829 [31merror[39m: [31mENOENT: no such file or directory, open './storage/images/user_11.jpg'[39m
2024-05-22 20:09:38:938 [31merror[39m: [31mENOENT: no such file or directory, open './storage/images/user_11.jpg'[39m
2024-05-22 20:10:15:1015 [31merror[39m: [31mENOENT: no such file or directory, open './storage/images/user_11.jpg'[39m
2024-05-22 20:10:29:1029 [31merror[39m: [31mENOENT: no such file or directory, open './storage/images/user_11.jpg'[39m
2024-05-22 20:10:45:1045 [31merror[39m: [31mENOENT: no such file or directory, open './storage/images/user_11.jpg'[39m
2024-05-22 20:12:20:1220 [31merror[39m: [31mENOENT: no such file or directory, open './storage/images/user_11.jpg'[39m
2024-05-22 20:14:36:1436 [31merror[39m: [31mENOENT: no such file or directory, open './storage/images/user_11.jpg'[39m
2024-05-22 20:16:45:1645 [31merror[39m: [31mENOENT: no such file or directory, open './storage/images/user_11.jpg'[39m
2024-05-22 20:19:41:1941 [31merror[39m: [31mENOENT: no such file or directory, open './storage/images/user_11.jpg'[39m
2024-05-22 20:23:50:2350 [31merror[39m: [31mENOENT: no such file or directory, open './storage/images/user_11.jpg'[39m
2024-05-22 20:27:22:2722 [31merror[39m: [31mENOENT: no such file or directory, open './storage/images/user_11.jpg'[39m
2024-05-22 20:27:28:2728 [31merror[39m: [31mENOENT: no such file or directory, open './storage/images/user_11.jpg'[39m
2024-05-22 20:35:44:3544 [31merror[39m: [31mENOENT: no such file or directory, open './storage/images/user_11.jpg'[39m
2024-05-22 20:35:56:3556 [31merror[39m: [31mENOENT: no such file or directory, open './storage/images/user_11.jpg'[39m
2024-05-22 20:37:19:3719 [31merror[39m: [31mENOENT: no such file or directory, open './storage/images/user_11.jpg'[39m
2024-05-22 20:37:28:3728 [31merror[39m: [31mENOENT: no such file or directory, open './storage/images/user_11.jpg'[39m
2024-05-22 20:40:09:409 [31merror[39m: [31mENOENT: no such file or directory, open './storage/images/user_11.jpg'[39m
2024-05-22 20:45:35:4535 [31merror[39m: [31mENOENT: no such file or directory, open './storage/images/user_11.jpg'[39m
2024-05-22 20:47:47:4747 [31merror[39m: [31mENOENT: no such file or directory, open './storage/images/user_11.jpg'[39m
2024-05-22 21:01:28:128 [31merror[39m: [31mENOENT: no such file or directory, open './storage/images/user_11.jpg'[39m
2024-05-22 21:01:33:133 [31merror[39m: [31mENOENT: no such file or directory, open './storage/images/user_11.jpg'[39m
2024-05-22 21:02:34:234 [31merror[39m: [31mENOENT: no such file or directory, open './storage/images/user_11.jpg'[39m
2024-05-22 21:05:41:541 [31merror[39m: [31mENOENT: no such file or directory, open './storage/images/user_11.jpg'[39m
2024-05-22 21:09:03:93 [31merror[39m: [31mENOENT: no such file or directory, open './storage/images/user_11.jpg'[39m
2024-05-22 21:09:16:916 [31merror[39m: [31mENOENT: no such file or directory, open './storage/images/user_11.jpg'[39m
2024-05-22 21:12:18:1218 [31merror[39m: [31mENOENT: no such file or directory, open './storage/images/user_11.jpg'[39m
2024-05-22 21:13:03:133 [31merror[39m: [31mENOENT: no such file or directory, open './storage/images/user_11.jpg'[39m
2024-05-22 21:13:49:1349 [31merror[39m: [31mENOENT: no such file or directory, open './storage/images/user_11.jpg'[39m
2024-05-22 22:03:05:35 [31merror[39m: [31mENOENT: no such file or directory, open './storage/images/user_11.jpg'[39m
2024-05-22 22:06:21:621 [31merror[39m: [31mENOENT: no such file or directory, open './storage/images/user_11.jpg'[39m
2024-05-22 22:06:36:636 [31merror[39m: [31mENOENT: no such file or directory, open './storage/images/user_11.jpg'[39m
2024-05-22 22:10:51:1051 [31merror[39m: [31mENOENT: no such file or directory, open './storage/images/user_11.jpg'[39m
2024-05-22 22:10:57:1057 [31merror[39m: [31mENOENT: no such file or directory, open './storage/images/user_11.jpg'[39m
2024-05-22 22:17:43:1743 [31merror[39m: [31mENOENT: no such file or directory, open './storage/images/user_11.jpg'[39m
2024-05-22 22:22:36:2236 [31merror[39m: [31mENOENT: no such file or directory, open './storage/images/user_11.jpg'[39m
2024-05-22 22:22:48:2248 [31merror[39m: [31mENOENT: no such file or directory, open './storage/images/user_11.jpg'[39m
2024-05-22 22:22:53:2253 [31merror[39m: [31mENOENT: no such file or directory, open './storage/images/user_11.jpg'[39m
2024-05-22 22:23:53:2353 [31merror[39m: [31mENOENT: no such file or directory, open './storage/images/user_11.jpg'[39m
2024-05-22 22:28:06:286 [31merror[39m: [31mENOENT: no such file or directory, open './storage/images/user_11.jpg'[39m
2024-05-22 22:28:13:2813 [31merror[39m: [31mENOENT: no such file or directory, open './storage/images/user_11.jpg'[39m
2024-05-22 22:37:06:376 [31merror[39m: [31mENOENT: no such file or directory, open './storage/images/user_11.jpg'[39m
2024-05-22 22:37:34:3734 [31merror[39m: [31mENOENT: no such file or directory, open './storage/images/user_11.jpg'[39m
2024-05-22 22:37:41:3741 [31merror[39m: [31mENOENT: no such file or directory, open './storage/images/user_11.jpg'[39m
2024-05-22 22:44:25:4425 [31merror[39m: [31mENOENT: no such file or directory, open './storage/images/user_11.jpg'[39m
2024-05-22 22:44:29:4429 [31merror[39m: [31mENOENT: no such file or directory, open './storage/images/user_11.jpg'[39m
2024-05-22 22:44:30:4430 [31merror[39m: [31mENOENT: no such file or directory, open './storage/images/user_11.jpg'[39m
2024-05-22 22:44:32:4432 [31merror[39m: [31mENOENT: no such file or directory, open './storage/images/user_11.jpg'[39m
2024-05-22 22:46:50:4650 [31merror[39m: [31mENOENT: no such file or directory, open './storage/images/user_11.jpg'[39m
2024-05-22 22:52:23:5223 [31merror[39m: [31mENOENT: no such file or directory, open './storage/images/user_11.jpg'[39m
2024-05-22 22:54:56:5456 [31merror[39m: [31mENOENT: no such file or directory, open './storage/images/user_11.jpg'[39m
2024-05-22 22:59:27:5927 [31merror[39m: [31mENOENT: no such file or directory, open './storage/images/user_11.jpg'[39m
2024-05-22 23:00:46:046 [31merror[39m: [31mENOENT: no such file or directory, open './storage/images/user_11.jpg'[39m
2024-05-22 23:03:01:31 [31merror[39m: [31mENOENT: no such file or directory, open './storage/images/user_11.jpg'[39m
2024-05-22 23:04:41:441 [31merror[39m: [31mENOENT: no such file or directory, open './storage/images/user_11.jpg'[39m
2024-05-22 23:05:13:513 [31merror[39m: [31mENOENT: no such file or directory, open './storage/images/user_11.jpg'[39m
2024-05-22 23:05:56:556 [31merror[39m: [31mENOENT: no such file or directory, open './storage/images/user_11.jpg'[39m
2024-05-22 23:06:06:66 [31merror[39m: [31mENOENT: no such file or directory, open './storage/images/user_11.jpg'[39m
2024-05-22 23:10:38:1038 [31merror[39m: [31mENOENT: no such file or directory, open './storage/images/user_11.jpg'[39m
2024-05-22 23:10:46:1046 [31merror[39m: [31mENOENT: no such file or directory, open './storage/images/user_11.jpg'[39m
2024-05-22 23:14:09:149 [31merror[39m: [31mENOENT: no such file or directory, open './storage/images/user_11.jpg'[39m
2024-05-22 23:32:33:3233 [31merror[39m: [31mENOENT: no such file or directory, open './storage/images/user_11.jpg'[39m
2024-05-22 23:32:41:3241 [31merror[39m: [31mENOENT: no such file or directory, open './storage/images/user_11.jpg'[39m
2024-05-22 23:40:22:4022 [31merror[39m: [31mENOENT: no such file or directory, open './storage/images/user_11.jpg'[39m
2024-05-22 23:55:32:5532 [31merror[39m: [31mENOENT: no such file or directory, open './storage/images/user_11.jpg'[39m
2024-05-22 23:55:40:5540 [31merror[39m: [31mENOENT: no such file or directory, open './storage/images/user_11.jpg'[39m
2024-05-23 00:16:36:1636 [31merror[39m: [31mENOENT: no such file or directory, open './storage/images/user_11.jpg'[39m
2024-05-23 00:16:41:1641 [31merror[39m: [31mENOENT: no such file or directory, open './storage/images/user_11.jpg'[39m
2024-05-23 00:16:44:1644 [31merror[39m: [31mENOENT: no such file or directory, open './storage/images/user_11.jpg'[39m
2024-05-23 00:16:44:1644 [31merror[39m: [31mENOENT: no such file or directory, open './storage/images/user_11.jpg'[39m
2024-05-23 00:16:46:1646 [31merror[39m: [31mENOENT: no such file or directory, open './storage/images/user_11.jpg'[39m
2024-05-23 00:16:50:1650 [31merror[39m: [31mENOENT: no such file or directory, open './storage/images/user_11.jpg'[39m
2024-05-23 00:18:59:1859 [31merror[39m: [31mENOENT: no such file or directory, open './storage/images/user_11.jpg'[39m
2024-05-23 00:20:29:2029 [31merror[39m: [31mENOENT: no such file or directory, open './storage/images/user_11.jpg'[39m
2024-05-23 00:20:35:2035 [31merror[39m: [31mENOENT: no such file or directory, open './storage/images/user_11.jpg'[39m
2024-05-23 00:20:37:2037 [31merror[39m: [31mENOENT: no such file or directory, open './storage/images/user_11.jpg'[39m
2024-05-23 00:20:45:2045 [31merror[39m: [31mENOENT: no such file or directory, open './storage/images/user_11.jpg'[39m
2024-05-23 00:27:40:2740 [31merror[39m: [31mENOENT: no such file or directory, open './storage/images/user_11.jpg'[39m
2024-05-23 00:29:18:2918 [31merror[39m: [31mENOENT: no such file or directory, open './storage/images/user_11.jpg'[39m
2024-05-23 00:29:30:2930 [31merror[39m: [31mENOENT: no such file or directory, open './storage/images/user_11.jpg'[39m
2024-05-23 00:29:52:2952 [31merror[39m: [31mENOENT: no such file or directory, open './storage/images/user_11.jpg'[39m
2024-05-23 00:29:56:2956 [31merror[39m: [31mENOENT: no such file or directory, open './storage/images/user_11.jpg'[39m
2024-05-23 00:31:09:319 [31merror[39m: [31mENOENT: no such file or directory, open './storage/images/user_11.jpg'[39m
2024-05-23 00:31:17:3117 [31merror[39m: [31mENOENT: no such file or directory, open './storage/images/user_11.jpg'[39m
2024-05-23 00:31:22:3122 [31merror[39m: [31mENOENT: no such file or directory, open './storage/images/user_11.jpg'[39m
2024-05-23 00:31:54:3154 [31merror[39m: [31mENOENT: no such file or directory, open './storage/images/user_11.jpg'[39m
2024-05-23 07:57:47:5747 [31merror[39m: [31mENOENT: no such file or directory, open './storage/images/user_11.jpg'[39m
2024-05-23 08:02:17:217 [31merror[39m: [31mENOENT: no such file or directory, open './storage/images/user_11.jpg'[39m
2024-05-23 08:02:32:232 [31merror[39m: [31mENOENT: no such file or directory, open './storage/images/user_11.jpg'[39m
2024-05-23 08:03:16:316 [31merror[39m: [31mENOENT: no such file or directory, open './storage/images/user_11.jpg'[39m
2024-05-23 08:03:32:332 [31merror[39m: [31mENOENT: no such file or directory, open './storage/images/user_11.jpg'[39m
2024-05-23 08:04:00:40 [31merror[39m: [31mENOENT: no such file or directory, open './storage/images/user_11.jpg'[39m
2024-05-23 08:04:17:417 [31merror[39m: [31mENOENT: no such file or directory, open './storage/images/user_11.jpg'[39m
2024-05-23 08:05:41:541 [31merror[39m: [31mENOENT: no such file or directory, open './storage/images/user_11.jpg'[39m
2024-05-23 08:06:12:612 [31merror[39m: [31mENOENT: no such file or directory, open './storage/images/user_11.jpg'[39m
2024-05-23 08:08:45:845 [31merror[39m: [31mENOENT: no such file or directory, open './storage/images/user_11.jpg'[39m
2024-05-23 08:08:52:852 [31merror[39m: [31mENOENT: no such file or directory, open './storage/images/user_11.jpg'[39m
2024-05-23 08:08:55:855 [31merror[39m: [31mENOENT: no such file or directory, open './storage/images/user_11.jpg'[39m
2024-05-23 08:09:21:921 [31merror[39m: [31mENOENT: no such file or directory, open './storage/images/user_11.jpg'[39m
2024-05-23 08:23:44:2344 [31merror[39m: [31mENOENT: no such file or directory, open './storage/images/user_11.jpg'[39m
2024-05-23 08:23:49:2349 [31merror[39m: [31mENOENT: no such file or directory, open './storage/images/user_11.jpg'[39m
2024-05-23 08:25:19:2519 [31merror[39m: [31mENOENT: no such file or directory, open './storage/images/user_11.jpg'[39m
2024-05-23 08:25:22:2522 [31merror[39m: [31mENOENT: no such file or directory, open './storage/images/user_11.jpg'[39m
2024-05-23 08:26:34:2634 [31merror[39m: [31mENOENT: no such file or directory, open './storage/images/user_11.jpg'[39m
2024-05-23 08:32:28:3228 [31merror[39m: [31mENOENT: no such file or directory, open './storage/images/user_11.jpg'[39m
2024-05-23 08:37:11:3711 [31merror[39m: [31mENOENT: no such file or directory, open './storage/images/user_11.jpg'[39m
2024-05-23 08:37:43:3743 [31merror[39m: [31mENOENT: no such file or directory, open './storage/images/user_11.jpg'[39m
2024-05-23 08:38:15:3815 [31merror[39m: [31mENOENT: no such file or directory, open './storage/images/user_11.jpg'[39m
2024-05-23 08:38:24:3824 [31merror[39m: [31mENOENT: no such file or directory, open './storage/images/user_11.jpg'[39m
2024-05-23 08:41:14:4114 [31merror[39m: [31mENOENT: no such file or directory, open './storage/images/user_11.jpg'[39m
2024-05-23 08:42:13:4213 [31merror[39m: [31mENOENT: no such file or directory, open './storage/images/user_11.jpg'[39m
2024-05-23 08:43:07:437 [31merror[39m: [31mENOENT: no such file or directory, open './storage/images/user_11.jpg'[39m
2024-05-23 08:43:11:4311 [31merror[39m: [31mENOENT: no such file or directory, open './storage/images/user_11.jpg'[39m
2024-05-23 08:44:06:446 [31merror[39m: [31mENOENT: no such file or directory, open './storage/images/user_11.jpg'[39m
2024-05-23 08:44:17:4417 [31merror[39m: [31mENOENT: no such file or directory, open './storage/images/user_11.jpg'[39m
2024-05-23 08:44:28:4428 [31merror[39m: [31mENOENT: no such file or directory, open './storage/images/user_11.jpg'[39m
2024-05-23 08:49:28:4928 [31merror[39m: [31mENOENT: no such file or directory, open './storage/images/user_11.jpg'[39m
2024-05-23 08:58:28:5828 [31merror[39m: [31mENOENT: no such file or directory, open './storage/images/user_11.jpg'[39m
2024-05-23 08:58:31:5831 [31merror[39m: [31mENOENT: no such file or directory, open './storage/images/user_11.jpg'[39m
2024-05-23 08:58:37:5837 [31merror[39m: [31mENOENT: no such file or directory, open './storage/images/user_11.jpg'[39m
2024-05-23 09:09:54:954 [31merror[39m: [31mENOENT: no such file or directory, open './storage/images/user_11.jpg'[39m
2024-05-23 09:09:57:957 [31merror[39m: [31mENOENT: no such file or directory, open './storage/images/user_11.jpg'[39m
2024-05-23 09:19:53:1953 [31merror[39m: [31mENOENT: no such file or directory, open './storage/images/user_11.jpg'[39m
2024-05-23 09:20:43:2043 [31merror[39m: [31mENOENT: no such file or directory, open './storage/images/user_11.jpg'[39m
2024-05-23 09:20:50:2050 [31merror[39m: [31mENOENT: no such file or directory, open './storage/images/user_11.jpg'[39m
2024-05-23 09:32:35:3235 [31merror[39m: [31mENOENT: no such file or directory, open './storage/images/user_11.jpg'[39m
2024-05-23 09:34:59:3459 [31merror[39m: [31mENOENT: no such file or directory, open './storage/images/user_11.jpg'[39m
2024-05-23 09:35:05:355 [31merror[39m: [31mENOENT: no such file or directory, open './storage/images/user_11.jpg'[39m
2024-05-23 09:40:28:4028 [31merror[39m: [31mENOENT: no such file or directory, open './storage/images/user_11.jpg'[39m
2024-05-23 09:40:32:4032 [31merror[39m: [31mENOENT: no such file or directory, open './storage/images/user_11.jpg'[39m
2024-05-23 09:53:29:5329 [31merror[39m: [31mENOENT: no such file or directory, open './storage/images/user_11.jpg'[39m
2024-05-23 09:53:33:5333 [31merror[39m: [31mENOENT: no such file or directory, open './storage/images/user_11.jpg'[39m
2024-05-23 09:53:33:5333 [31merror[39m: [31mENOENT: no such file or directory, open './storage/images/user_11.jpg'[39m
2024-05-23 09:53:33:5333 [31merror[39m: [31mENOENT: no such file or directory, open './storage/images/user_11.jpg'[39m
2024-05-23 09:59:26:5926 [31merror[39m: [31mENOENT: no such file or directory, open './storage/images/user_11.jpg'[39m
2024-05-23 09:59:26:5926 [31merror[39m: [31mENOENT: no such file or directory, open './storage/images/user_11.jpg'[39m
2024-05-23 09:59:26:5926 [31merror[39m: [31mENOENT: no such file or directory, open './storage/images/user_11.jpg'[39m
2024-05-23 09:59:37:5937 [31merror[39m: [31mENOENT: no such file or directory, open './storage/images/user_11.jpg'[39m
2024-05-23 10:02:28:228 [31merror[39m: [31mENOENT: no such file or directory, open './storage/images/user_11.jpg'[39m
2024-05-23 10:02:51:251 [31merror[39m: [31mENOENT: no such file or directory, open './storage/images/user_11.jpg'[39m
2024-05-23 10:02:58:258 [31merror[39m: [31mENOENT: no such file or directory, open './storage/images/user_11.jpg'[39m
2024-05-23 10:02:58:258 [31merror[39m: [31mENOENT: no such file or directory, open './storage/images/user_11.jpg'[39m
2024-05-23 10:02:58:258 [31merror[39m: [31mENOENT: no such file or directory, open './storage/images/user_11.jpg'[39m
2024-05-23 10:03:01:31 [31merror[39m: [31mENOENT: no such file or directory, open './storage/images/user_11.jpg'[39m
2024-05-23 10:03:40:340 [31merror[39m: [31mENOENT: no such file or directory, open './storage/images/user_11.jpg'[39m
2024-05-23 10:03:48:348 [31merror[39m: [31mENOENT: no such file or directory, open './storage/images/user_11.jpg'[39m
2024-05-23 10:03:55:355 [31merror[39m: [31mENOENT: no such file or directory, open './storage/images/user_11.jpg'[39m
2024-05-23 10:30:26:3026 [31merror[39m: [31mENOENT: no such file or directory, open './storage/images/user_11.jpg'[39m
2024-05-23 10:37:56:3756 [31merror[39m: [31mENOENT: no such file or directory, open './storage/images/user_11.jpg'[39m
2024-05-23 10:38:03:383 [31merror[39m: [31mENOENT: no such file or directory, open './storage/images/user_11.jpg'[39m
2024-05-23 10:39:02:392 [31merror[39m: [31mENOENT: no such file or directory, open './storage/images/user_11.jpg'[39m
2024-05-23 10:39:50:3950 [31merror[39m: [31mENOENT: no such file or directory, open './storage/images/user_11.jpg'[39m
2024-05-23 10:40:58:4058 [31merror[39m: [31mENOENT: no such file or directory, open './storage/images/user_11.jpg'[39m
2024-05-23 10:41:06:416 [31merror[39m: [31mENOENT: no such file or directory, open './storage/images/user_11.jpg'[39m
2024-05-23 10:42:07:427 [31merror[39m: [31mENOENT: no such file or directory, open './storage/images/user_11.jpg'[39m
2024-05-23 10:42:17:4217 [31merror[39m: [31mENOENT: no such file or directory, open './storage/images/user_11.jpg'[39m
2024-05-23 10:42:18:4218 [31merror[39m: [31mENOENT: no such file or directory, open './storage/images/user_11.jpg'[39m
2024-05-23 10:43:26:4326 [31merror[39m: [31mENOENT: no such file or directory, open './storage/images/user_11.jpg'[39m
2024-05-23 10:44:07:447 [31merror[39m: [31mENOENT: no such file or directory, open './storage/images/user_11.jpg'[39m
2024-05-23 10:52:06:526 [31merror[39m: [31mENOENT: no such file or directory, open './storage/images/user_11.jpg'[39m
2024-05-23 11:11:31:1131 [31merror[39m: [31mENOENT: no such file or directory, open './storage/images/user_11.jpg'[39m
2024-05-23 11:11:36:1136 [31merror[39m: [31mENOENT: no such file or directory, open './storage/images/user_11.jpg'[39m
2024-05-23 11:48:04:484 [31merror[39m: [31mENOENT: no such file or directory, open './storage/images/user_11.jpg'[39m
2024-05-23 11:48:13:4813 [31merror[39m: [31mENOENT: no such file or directory, open './storage/images/user_11.jpg'[39m
2024-05-23 11:48:35:4835 [31merror[39m: [31mENOENT: no such file or directory, open './storage/images/user_11.jpg'[39m
2024-05-23 11:51:39:5139 [31merror[39m: [31mENOENT: no such file or directory, open './storage/images/user_11.jpg'[39m
2024-05-23 11:57:21:5721 [31merror[39m: [31mENOENT: no such file or directory, open './storage/images/user_11.jpg'[39m
2024-05-23 11:59:54:5954 [31merror[39m: [31mENOENT: no such file or directory, open './storage/images/user_11.jpg'[39m
2024-05-23 12:11:30:1130 [31merror[39m: [31mENOENT: no such file or directory, open './storage/images/user_11.jpg'[39m
2024-05-23 12:11:34:1134 [31merror[39m: [31mENOENT: no such file or directory, open './storage/images/user_11.jpg'[39m
2024-05-23 12:11:48:1148 [31merror[39m: [31mENOENT: no such file or directory, open './storage/images/user_11.jpg'[39m
2024-05-23 12:12:00:120 [31merror[39m: [31mENOENT: no such file or directory, open './storage/images/user_11.jpg'[39m
2024-05-23 13:17:02:172 [31merror[39m: [31mENOENT: no such file or directory, open './storage/images/user_11.jpg'[39m
2024-05-23 13:36:57:3657 [31merror[39m: [31mENOENT: no such file or directory, open './storage/images/user_11.jpg'[39m
2024-05-23 13:38:43:3843 [31merror[39m: [31mENOENT: no such file or directory, open './storage/images/user_11.jpg'[39m
2024-05-23 13:39:39:3939 [31merror[39m: [31mENOENT: no such file or directory, open './storage/images/user_11.jpg'[39m
2024-05-23 13:40:01:401 [31merror[39m: [31mENOENT: no such file or directory, open './storage/images/user_11.jpg'[39m
2024-05-23 13:41:06:416 [31merror[39m: [31mINSERT INTO `user` (`email`, `first_name`, `last_name`, `image_filename`, `password`) VALUES ('k@gmail.com', 'Kristy', 'Lincoln', 'user_1.jpg', '$2b$10$pVhlnMVpgJ3HImXssODD0eRNOl1JsAErfYNxbS20XgP/iBNsKA4WG'), ('c.anagonye@stjohns.edu.au', 'Chidi', 'Anagonye', 'user_2.png', '$2b$10$bVbnf7DkXirLrc2PLjg5WeC51SDPUsn.3LxIoTMsWxtAKW4z4ivFO'), ('tahani.aljamil@ox.ac.uk', 'Tahani', 'Al-Jamil', 'user_3.gif', '$2b$10$MQIrCSAFsK2ORNX1TqF.rOUXJmfIctZQtBBqbDYd4U.aNmEMZaMfO'), ('e.shellstrop@hotmail.com', 'Eleanor', 'Shellstrop', 'user_4.jpg', '$2b$10$bytqkzV2I9KQ0kdmAP3XueQU/kqUPFTC2AkO40/1AOtkG5dpyg0I.'), ('B@gmail.com', 'Fernando', 'Brown', 'user_5.jpg', '$2b$10$sU4TUHTROwymVI9fFlIc8.eDhY6XvkBL4zezTRLLljsQ5EJO1SIB6'), ('jeh128@mail.nz', 'Jack', 'Chen', 'user_6.jpg', '$2b$10$xGT586mckOrXuZlDz1LA6urFu6QHOIQtXTFbILXzfnWdGmw4AYiIW'), ('a@gmail.com', 'Amanda', 'Faria', 'user_7.PNG', '$2b$10$6TYGOz7Du7YmZmxBeJyX4OI6HVrhnmbOv0IjV9WCaYh40OiX2BI2W'), ('zhe25@mail.nz', 'Henry', 'Krippner', 'user_8.gif', '$2b$10$hnIEGFRiCBf3EvMfYAgvE.g5/c2r/Xc9ECbDiT.Zn.eFPTlQXfNcW'), ('lfg23@mail.nz', 'Ella', 'Yellow', 'user_9.PNG', '$2b$10$pZKqDbPSuGQJW3NU2LzS6u304r9UEm/bS/cqkquqriIa.0b24Jjxi'), ('ama541@mail.nz', 'Finn', 'Veale', NULL, '$2b$10$fVSTs05NPdJrg5.ila342ecvB/T0L4DfMlBvyol72/ptY.xn3WUR2'), ('boooooortles@hotmail.com', 'Jason', 'Mendoza', 'user_11.jpg', '$2b$10$xXI/V84oUKcufEGSnnqK5eGEQecYTqg1B0IFIpBFYNDFQ6WzHtxcu'), ('mindystclaire@gmail.com', 'Mindy', 'St. Claire', NULL, '$2b$10$Izmc9lzSFRrrNQmEuy0rUOoMT3Q0/U.hqUoKzGgzqUz3IoPpa/psK'), ('s.garnett@stjohns.edu.au', 'Simone', 'Garnett', NULL, '$2b$10$hHhT5DqKWbheTJwq5OqfceQrsNzfJ586NxlDFGtoVr9PDTpYpLp/W'), ('pillboi@ymail.com', 'Steven', 'Peleaz', NULL, '$2b$10$eh/CkLWiiWxwIDFlx.0V.upt.dUJs.C3r6Si8r9MZGbuKeK0D.QD.'), ('larryhemsworth@gmail.com', 'Larry', 'Hemsworth', NULL, '$2b$10$3kw9hMkx9.7czNSa6Sjv3eHV8YpxExZQB4LVv412aqi5LqvyAv99W'), ('kamilah.aljamil@ox.ac.uk', 'Kamilah', 'Al-Jamil', NULL, '$2b$10$kndo33LN4uH5/Ip7DxrKleGrYhvPMf7Qgm.B7wL0o3zHErf8xyejW'), ('johnwheaton@gmail.com', 'John', 'Wheaton', NULL, '$2b$10$x7F3EaBfjQgqeir7uxAwSejR8BfqZJgw14j.NkwjpKlOL/un2FEAi'), ('tane.mahuta@example.com', 'Tane', 'Taumata', NULL, '$2b$10$KqPv8KXsO1qBvy3Y.BBdcO0UCDbv4MoWteCudvURYxtUBG1DCQmIu'), ('bobbyjones@example.com', 'Bob', 'Jones', NULL, '$2b$10$BVrlWAqMXLvLpRVN/mv6muiq0zNJjEwENCUkge4Hv.3Dxh7aKbgMG'), ('m@m.com', 'Morgan', 'English', 'user_20.jpeg', '$2b$10$Ut5zjPlH7GrLaNma8cv43eiRwGG9104.90vvTjy7cvic.fOQlo206')[39m
2024-05-23 13:41:06:416 [31merror[39m: [31mDuplicate entry 'k@gmail.com' for key 'unique_key'[39m
2024-05-23 13:42:17:4217 [31merror[39m: [31mENOENT: no such file or directory, open './storage/images/user_11.jpg'[39m
2024-05-23 13:43:10:4310 [31merror[39m: [31mENOENT: no such file or directory, open './storage/images/user_11.jpg'[39m
2024-05-23 13:43:11:4311 [31merror[39m: [31mENOENT: no such file or directory, open './storage/images/user_11.jpg'[39m
2024-05-23 13:43:15:4315 [31merror[39m: [31mENOENT: no such file or directory, open './storage/images/user_11.jpg'[39m
2024-05-23 13:43:25:4325 [31merror[39m: [31mENOENT: no such file or directory, open './storage/images/user_11.jpg'[39m
2024-05-23 13:43:50:4350 [31merror[39m: [31mENOENT: no such file or directory, open './storage/images/user_11.jpg'[39m
2024-05-23 13:44:09:449 [31merror[39m: [31mENOENT: no such file or directory, open './storage/images/user_11.jpg'[39m
2024-05-23 13:44:12:4412 [31merror[39m: [31mENOENT: no such file or directory, open './storage/images/user_11.jpg'[39m
2024-05-23 13:44:32:4432 [31merror[39m: [31mENOENT: no such file or directory, open './storage/images/user_11.jpg'[39m
2024-05-23 13:44:58:4458 [31merror[39m: [31mENOENT: no such file or directory, open './storage/images/user_11.jpg'[39m
2024-05-23 13:45:07:457 [31merror[39m: [31mENOENT: no such file or directory, open './storage/images/user_11.jpg'[39m
2024-05-23 13:45:12:4512 [31merror[39m: [31mENOENT: no such file or directory, open './storage/images/user_11.jpg'[39m
2024-05-23 13:48:20:4820 [31merror[39m: [31mENOENT: no such file or directory, open './storage/images/user_11.jpg'[39m
2024-05-23 14:01:11:111 [31merror[39m: [31mENOENT: no such file or directory, open './storage/images/user_11.jpg'[39m
2024-05-23 14:01:28:128 [31merror[39m: [31mENOENT: no such file or directory, open './storage/images/user_11.jpg'[39m
2024-05-23 14:01:41:141 [31merror[39m: [31mENOENT: no such file or directory, open './storage/images/user_11.jpg'[39m
2024-05-23 14:09:10:910 [31merror[39m: [31mENOENT: no such file or directory, open './storage/images/user_11.jpg'[39m
2024-05-23 14:10:01:101 [31merror[39m: [31mENOENT: no such file or directory, open './storage/images/user_11.jpg'[39m
2024-05-23 14:13:25:1325 [31merror[39m: [31mENOENT: no such file or directory, open './storage/images/user_11.jpg'[39m
2024-05-23 14:13:33:1333 [31merror[39m: [31mENOENT: no such file or directory, open './storage/images/user_11.jpg'[39m
2024-05-23 14:15:52:1552 [31merror[39m: [31mENOENT: no such file or directory, open './storage/images/user_11.jpg'[39m
2024-05-23 14:16:26:1626 [31merror[39m: [31mENOENT: no such file or directory, open './storage/images/user_11.jpg'[39m
2024-05-23 14:17:14:1714 [31merror[39m: [31mENOENT: no such file or directory, open './storage/images/user_11.jpg'[39m
2024-05-23 14:17:56:1756 [31merror[39m: [31mENOENT: no such file or directory, open './storage/images/user_11.jpg'[39m
2024-05-23 14:21:24:2124 [31merror[39m: [31mENOENT: no such file or directory, open './storage/images/user_11.jpg'[39m
2024-05-23 14:31:49:3149 [31merror[39m: [31mENOENT: no such file or directory, open './storage/images/user_11.jpg'[39m
2024-05-23 14:31:50:3150 [31merror[39m: [31mENOENT: no such file or directory, open './storage/images/user_11.jpg'[39m
2024-05-23 14:31:50:3150 [31merror[39m: [31mENOENT: no such file or directory, open './storage/images/user_11.jpg'[39m
2024-05-23 14:32:25:3225 [31merror[39m: [31mENOENT: no such file or directory, open './storage/images/user_11.jpg'[39m
2024-05-23 14:32:32:3232 [31merror[39m: [31mENOENT: no such file or directory, open './storage/images/user_11.jpg'[39m
2024-05-23 14:32:36:3236 [31merror[39m: [31mENOENT: no such file or directory, open './storage/images/user_11.jpg'[39m
2024-05-23 14:32:44:3244 [31merror[39m: [31mENOENT: no such file or directory, open './storage/images/user_11.jpg'[39m
2024-05-23 14:38:15:3815 [31merror[39m: [31mENOENT: no such file or directory, open './storage/images/user_11.jpg'[39m
2024-05-23 14:42:47:4247 [31merror[39m: [31mENOENT: no such file or directory, open './storage/images/user_11.jpg'[39m
2024-05-23 14:54:10:5410 [31merror[39m: [31mENOENT: no such file or directory, open './storage/images/user_11.jpg'[39m
2024-05-23 14:54:12:5412 [31merror[39m: [31mENOENT: no such file or directory, open './storage/images/user_11.jpg'[39m
2024-05-23 14:59:17:5917 [31merror[39m: [31mENOENT: no such file or directory, open './storage/images/user_11.jpg'[39m
2024-05-23 15:00:13:013 [31merror[39m: [31mENOENT: no such file or directory, open './storage/images/user_11.jpg'[39m
2024-05-23 15:07:46:746 [31merror[39m: [31mENOENT: no such file or directory, open './storage/images/user_11.jpg'[39m
2024-05-23 15:08:11:811 [31merror[39m: [31mENOENT: no such file or directory, open './storage/images/user_11.jpg'[39m
2024-05-23 15:09:01:91 [31merror[39m: [31mENOENT: no such file or directory, open './storage/images/user_11.jpg'[39m
2024-05-23 15:09:33:933 [31merror[39m: [31mENOENT: no such file or directory, open './storage/images/user_11.jpg'[39m
2024-05-23 15:15:00:150 [31merror[39m: [31mENOENT: no such file or directory, open './storage/images/user_11.jpg'[39m
2024-05-23 15:15:41:1541 [31merror[39m: [31mENOENT: no such file or directory, open './storage/images/user_11.jpg'[39m
2024-05-23 15:25:06:256 [31merror[39m: [31mENOENT: no such file or directory, open './storage/images/user_11.jpg'[39m
2024-05-23 15:25:14:2514 [31merror[39m: [31mENOENT: no such file or directory, open './storage/images/user_11.jpg'[39m
2024-05-23 15:25:52:2552 [31merror[39m: [31mENOENT: no such file or directory, open './storage/images/user_11.jpg'[39m
2024-05-23 15:25:58:2558 [31merror[39m: [31mENOENT: no such file or directory, open './storage/images/user_11.jpg'[39m
2024-05-23 15:26:42:2642 [31merror[39m: [31mENOENT: no such file or directory, open './storage/images/user_11.jpg'[39m
2024-05-23 15:26:48:2648 [31merror[39m: [31mENOENT: no such file or directory, open './storage/images/user_11.jpg'[39m
2024-05-23 15:27:16:2716 [31merror[39m: [31mDuplicate entry 'b@gmail.com' for key 'unique_key'[39m
2024-05-23 15:27:23:2723 [31merror[39m: [31mENOENT: no such file or directory, open './storage/images/user_11.jpg'[39m
2024-05-23 15:27:46:2746 [31merror[39m: [31mENOENT: no such file or directory, open './storage/images/user_11.jpg'[39m
2024-05-23 15:27:54:2754 [31merror[39m: [31mENOENT: no such file or directory, open './storage/images/user_11.jpg'[39m
2024-05-23 15:29:02:292 [31merror[39m: [31mENOENT: no such file or directory, open './storage/images/user_11.jpg'[39m
2024-05-23 15:29:07:297 [31merror[39m: [31mENOENT: no such file or directory, open './storage/images/user_11.jpg'[39m
2024-05-23 15:29:33:2933 [31merror[39m: [31mENOENT: no such file or directory, open './storage/images/user_11.jpg'[39m
2024-05-23 15:29:38:2938 [31merror[39m: [31mENOENT: no such file or directory, open './storage/images/user_11.jpg'[39m
2024-05-23 15:30:34:3034 [31merror[39m: [31mENOENT: no such file or directory, open './storage/images/user_11.jpg'[39m
2024-05-23 15:34:05:345 [31merror[39m: [31mENOENT: no such file or directory, open './storage/images/user_11.jpg'[39m
2024-05-23 15:42:30:4230 [31merror[39m: [31mENOENT: no such file or directory, open './storage/images/user_11.jpg'[39m
2024-05-23 16:15:56:1556 [31merror[39m: [31mENOENT: no such file or directory, open './storage/images/user_11.jpg'[39m
2024-05-23 16:17:15:1715 [31merror[39m: [31mENOENT: no such file or directory, open './storage/images/user_11.jpg'[39m
2024-05-23 16:21:52:2152 [31merror[39m: [31mENOENT: no such file or directory, open './storage/images/user_11.jpg'[39m
2024-05-23 16:23:51:2351 [31merror[39m: [31mENOENT: no such file or directory, open './storage/images/user_11.jpg'[39m
2024-05-23 16:27:33:2733 [31merror[39m: [31mENOENT: no such file or directory, open './storage/images/user_11.jpg'[39m
2024-05-23 16:50:29:5029 [31merror[39m: [31mENOENT: no such file or directory, open './storage/images/user_11.jpg'[39m
2024-05-23 16:54:32:5432 [31merror[39m: [31mENOENT: no such file or directory, open './storage/images/user_11.jpg'[39m
2024-05-23 17:04:15:415 [31merror[39m: [31mENOENT: no such file or directory, open './storage/images/user_11.jpg'[39m
2024-05-23 17:07:53:753 [31merror[39m: [31mENOENT: no such file or directory, open './storage/images/user_11.jpg'[39m
2024-05-23 17:39:31:3931 [31merror[39m: [31mENOENT: no such file or directory, open './storage/images/user_11.jpg'[39m
2024-05-23 17:39:35:3935 [31merror[39m: [31mENOENT: no such file or directory, open './storage/images/user_11.jpg'[39m
2024-05-23 17:41:12:4112 [31merror[39m: [31mDuplicate entry 'Raging Blast LAN Tournament' for key 'title'[39m
2024-05-23 17:41:49:4149 [31merror[39m: [31mDuplicate entry 'Raging Blast LAN Tournament' for key 'title'[39m
2024-05-23 17:42:24:4224 [31merror[39m: [31mDuplicate entry 'Raging Blast LAN Tournament' for key 'title'[39m
2024-05-23 17:42:47:4247 [31merror[39m: [31mENOENT: no such file or directory, open './storage/images/user_11.jpg'[39m
2024-05-23 17:43:48:4348 [31merror[39m: [31mDuplicate entry 'Tenkaichi Budokai Fundraiser' for key 'title'[39m
2024-05-23 17:45:46:4546 [31merror[39m: [31mENOENT: no such file or directory, open './storage/images/user_11.jpg'[39m
2024-05-23 17:49:12:4912 [31merror[39m: [31mENOENT: no such file or directory, open './storage/images/user_11.jpg'[39m
2024-05-23 17:54:11:5411 [31merror[39m: [31mENOENT: no such file or directory, open './storage/images/user_11.jpg'[39m
2024-05-23 17:55:54:5554 [31merror[39m: [31mENOENT: no such file or directory, open './storage/images/user_11.jpg'[39m
2024-05-23 17:56:09:569 [31merror[39m: [31mENOENT: no such file or directory, open './storage/images/user_11.jpg'[39m
2024-05-23 17:56:47:5647 [31merror[39m: [31mENOENT: no such file or directory, open './storage/images/user_11.jpg'[39m
2024-05-23 17:58:11:5811 [31merror[39m: [31mENOENT: no such file or directory, open './storage/images/user_11.jpg'[39m
2024-05-23 17:58:30:5830 [31merror[39m: [31mENOENT: no such file or directory, open './storage/images/user_11.jpg'[39m
2024-05-23 17:58:33:5833 [31merror[39m: [31mENOENT: no such file or directory, open './storage/images/user_11.jpg'[39m
2024-05-24 11:33:26:3326 [31merror[39m: [31mENOENT: no such file or directory, open './storage/images/user_11.jpg'[39m
2024-05-24 11:36:11:3611 [31merror[39m: [31mENOENT: no such file or directory, open './storage/images/user_11.jpg'[39m
2024-05-24 11:38:53:3853 [31merror[39m: [31mDuplicate entry 'sdfsag' for key 'title'[39m
2024-05-24 11:39:00:390 [31merror[39m: [31mENOENT: no such file or directory, open './storage/images/user_11.jpg'[39m
2024-05-24 11:40:49:4049 [31merror[39m: [31mENOENT: no such file or directory, open './storage/images/user_11.jpg'[39m
2024-05-24 11:41:54:4154 [31merror[39m: [31mENOENT: no such file or directory, open './storage/images/user_11.jpg'[39m
2024-05-24 11:49:33:4933 [31merror[39m: [31mENOENT: no such file or directory, open './storage/images/user_11.jpg'[39m
2024-05-24 11:49:45:4945 [31merror[39m: [31mENOENT: no such file or directory, open './storage/images/user_11.jpg'[39m
2024-05-24 11:58:47:5847 [31merror[39m: [31mENOENT: no such file or directory, open './storage/images/user_11.jpg'[39m
2024-05-24 12:12:54:1254 [31merror[39m: [31mENOENT: no such file or directory, open './storage/images/user_11.jpg'[39m
2024-05-24 12:16:51:1651 [31merror[39m: [31mENOENT: no such file or directory, open './storage/images/user_11.jpg'[39m
2024-05-24 12:21:30:2130 [31merror[39m: [31mENOENT: no such file or directory, open './storage/images/user_11.jpg'[39m
2024-05-24 12:21:33:2133 [31merror[39m: [31mENOENT: no such file or directory, open './storage/images/user_11.jpg'[39m
2024-05-24 12:24:42:2442 [31merror[39m: [31mENOENT: no such file or directory, open './storage/images/user_11.jpg'[39m
2024-05-24 12:41:10:4110 [31merror[39m: [31mENOENT: no such file or directory, open './storage/images/user_11.jpg'[39m
2024-05-24 12:52:34:5234 [31merror[39m: [31mENOENT: no such file or directory, open './storage/images/user_11.jpg'[39m
2024-05-24 12:57:19:5719 [31merror[39m: [31mENOENT: no such file or directory, open './storage/images/user_11.jpg'[39m
2024-05-24 12:57:39:5739 [31merror[39m: [31mENOENT: no such file or directory, open './storage/images/user_11.jpg'[39m
2024-05-24 12:58:03:583 [31merror[39m: [31mENOENT: no such file or directory, open './storage/images/user_11.jpg'[39m
2024-05-24 12:58:13:5813 [31merror[39m: [31mENOENT: no such file or directory, open './storage/images/user_11.jpg'[39m
2024-05-24 12:58:35:5835 [31merror[39m: [31mENOENT: no such file or directory, open './storage/images/user_11.jpg'[39m
2024-05-24 12:59:22:5922 [31merror[39m: [31mENOENT: no such file or directory, open './storage/images/user_11.jpg'[39m
2024-05-24 13:03:42:342 [31merror[39m: [31mENOENT: no such file or directory, open './storage/images/user_11.jpg'[39m
2024-05-24 13:12:39:1239 [31merror[39m: [31mENOENT: no such file or directory, open './storage/images/user_11.jpg'[39m
2024-05-24 13:15:29:1529 [31merror[39m: [31mENOENT: no such file or directory, open './storage/images/user_11.jpg'[39m
2024-05-24 13:15:47:1547 [31merror[39m: [31mENOENT: no such file or directory, open './storage/images/user_11.jpg'[39m
2024-05-24 13:18:08:188 [31merror[39m: [31mDuplicate entry 'test2' for key 'title'[39m
2024-05-24 13:26:46:2646 [31merror[39m: [31mENOENT: no such file or directory, open './storage/images/user_11.jpg'[39m
2024-05-24 13:26:55:2655 [31merror[39m: [31mENOENT: no such file or directory, open './storage/images/user_11.jpg'[39m
2024-05-24 13:27:43:2743 [31merror[39m: [31mENOENT: no such file or directory, open './storage/images/user_11.jpg'[39m
2024-05-24 13:27:55:2755 [31merror[39m: [31mENOENT: no such file or directory, open './storage/images/user_11.jpg'[39m
2024-05-24 13:28:01:281 [31merror[39m: [31mENOENT: no such file or directory, open './storage/images/user_11.jpg'[39m
2024-05-24 13:28:09:289 [31merror[39m: [31mENOENT: no such file or directory, open './storage/images/user_11.jpg'[39m
2024-05-24 13:30:44:3044 [31merror[39m: [31mENOENT: no such file or directory, open './storage/images/user_11.jpg'[39m
2024-05-24 13:32:37:3237 [31merror[39m: [31mENOENT: no such file or directory, open './storage/images/user_11.jpg'[39m
2024-05-24 13:34:10:3410 [31merror[39m: [31mENOENT: no such file or directory, open './storage/images/user_11.jpg'[39m
2024-05-24 13:34:30:3430 [31merror[39m: [31mENOENT: no such file or directory, open './storage/images/user_11.jpg'[39m
2024-05-24 13:47:44:4744 [31merror[39m: [31mENOENT: no such file or directory, open './storage/images/user_11.jpg'[39m
2024-05-24 13:48:47:4847 [31merror[39m: [31mENOENT: no such file or directory, open './storage/images/user_11.jpg'[39m
2024-05-24 13:49:10:4910 [31merror[39m: [31mENOENT: no such file or directory, open './storage/images/user_11.jpg'[39m
2024-05-24 13:54:52:5452 [31merror[39m: [31mENOENT: no such file or directory, open './storage/images/user_11.jpg'[39m
2024-05-24 13:55:03:553 [31merror[39m: [31mENOENT: no such file or directory, open './storage/images/user_11.jpg'[39m
2024-05-24 13:59:22:5922 [31merror[39m: [31mENOENT: no such file or directory, open './storage/images/user_11.jpg'[39m
2024-05-24 13:59:33:5933 [31merror[39m: [31mENOENT: no such file or directory, open './storage/images/user_11.jpg'[39m
2024-05-24 14:00:31:031 [31merror[39m: [31mENOENT: no such file or directory, open './storage/images/user_11.jpg'[39m
2024-05-24 14:03:39:339 [31merror[39m: [31mENOENT: no such file or directory, open './storage/images/user_11.jpg'[39m
2024-05-24 14:06:59:659 [31merror[39m: [31mENOENT: no such file or directory, open './storage/images/user_11.jpg'[39m
2024-05-24 14:08:51:851 [31merror[39m: [31mENOENT: no such file or directory, open './storage/images/user_11.jpg'[39m
2024-05-24 14:11:30:1130 [31merror[39m: [31mENOENT: no such file or directory, open './storage/images/user_11.jpg'[39m
2024-05-24 14:17:10:1710 [31merror[39m: [31mENOENT: no such file or directory, open './storage/images/user_11.jpg'[39m
2024-05-24 14:18:40:1840 [31merror[39m: [31mENOENT: no such file or directory, open './storage/images/user_11.jpg'[39m
2024-05-24 14:18:50:1850 [31merror[39m: [31mENOENT: no such file or directory, open './storage/images/user_11.jpg'[39m
2024-05-24 14:19:20:1920 [31merror[39m: [31mENOENT: no such file or directory, open './storage/images/user_11.jpg'[39m
2024-05-24 14:21:50:2150 [31merror[39m: [31mENOENT: no such file or directory, open './storage/images/user_11.jpg'[39m
2024-05-24 14:22:19:2219 [31merror[39m: [31mENOENT: no such file or directory, open './storage/images/user_11.jpg'[39m
2024-05-24 14:23:52:2352 [31merror[39m: [31mENOENT: no such file or directory, open './storage/images/user_11.jpg'[39m
2024-05-24 14:24:39:2439 [31merror[39m: [31mENOENT: no such file or directory, open './storage/images/user_11.jpg'[39m
2024-05-24 14:55:59:5559 [31merror[39m: [31mENOENT: no such file or directory, open './storage/images/user_11.jpg'[39m
2024-05-24 14:57:51:5751 [31merror[39m: [31mENOENT: no such file or directory, open './storage/images/user_11.jpg'[39m
2024-05-24 14:58:16:5816 [31merror[39m: [31mENOENT: no such file or directory, open './storage/images/user_11.jpg'[39m
2024-05-24 14:58:20:5820 [31merror[39m: [31mENOENT: no such file or directory, open './storage/images/user_11.jpg'[39m
2024-05-24 14:58:21:5821 [31merror[39m: [31mENOENT: no such file or directory, open './storage/images/user_11.jpg'[39m
2024-05-24 14:58:29:5829 [31merror[39m: [31mENOENT: no such file or directory, open './storage/images/user_11.jpg'[39m
2024-05-24 14:58:41:5841 [31merror[39m: [31mENOENT: no such file or directory, open './storage/images/user_11.jpg'[39m
2024-05-24 14:58:41:5841 [31merror[39m: [31mENOENT: no such file or directory, open './storage/images/user_11.jpg'[39m
2024-05-24 15:00:10:010 [31merror[39m: [31mENOENT: no such file or directory, open './storage/images/user_11.jpg'[39m
2024-05-24 15:00:12:012 [31merror[39m: [31mENOENT: no such file or directory, open './storage/images/user_11.jpg'[39m
2024-05-24 15:00:12:012 [31merror[39m: [31mENOENT: no such file or directory, open './storage/images/user_11.jpg'[39m
2024-05-24 15:01:27:127 [31merror[39m: [31mENOENT: no such file or directory, open './storage/images/user_11.jpg'[39m
2024-05-24 15:01:33:133 [31merror[39m: [31mENOENT: no such file or directory, open './storage/images/user_11.jpg'[39m
2024-05-24 15:01:33:133 [31merror[39m: [31mENOENT: no such file or directory, open './storage/images/user_11.jpg'[39m
2024-05-24 15:02:10:210 [31merror[39m: [31mENOENT: no such file or directory, open './storage/images/user_11.jpg'[39m
2024-05-24 15:02:11:211 [31merror[39m: [31mENOENT: no such file or directory, open './storage/images/user_11.jpg'[39m
2024-05-24 15:02:11:211 [31merror[39m: [31mENOENT: no such file or directory, open './storage/images/user_11.jpg'[39m
2024-05-24 15:02:19:219 [31merror[39m: [31mENOENT: no such file or directory, open './storage/images/user_11.jpg'[39m
2024-05-24 15:02:20:220 [31merror[39m: [31mENOENT: no such file or directory, open './storage/images/user_11.jpg'[39m
2024-05-24 15:02:20:220 [31merror[39m: [31mENOENT: no such file or directory, open './storage/images/user_11.jpg'[39m
2024-05-24 15:03:29:329 [31merror[39m: [31mENOENT: no such file or directory, open './storage/images/user_11.jpg'[39m
2024-05-24 15:03:31:331 [31merror[39m: [31mENOENT: no such file or directory, open './storage/images/user_11.jpg'[39m
2024-05-24 15:03:34:334 [31merror[39m: [31mENOENT: no such file or directory, open './storage/images/user_11.jpg'[39m
2024-05-24 15:03:52:352 [31merror[39m: [31mENOENT: no such file or directory, open './storage/images/user_11.jpg'[39m
2024-05-24 15:03:58:358 [31merror[39m: [31mENOENT: no such file or directory, open './storage/images/user_11.jpg'[39m
2024-05-24 15:04:02:42 [31merror[39m: [31mENOENT: no such file or directory, open './storage/images/user_11.jpg'[39m
2024-05-24 15:07:39:739 [31merror[39m: [31mENOENT: no such file or directory, open './storage/images/user_11.jpg'[39m
2024-05-24 15:09:22:922 [31merror[39m: [31mENOENT: no such file or directory, open './storage/images/user_11.jpg'[39m
2024-05-24 15:10:02:102 [31merror[39m: [31mENOENT: no such file or directory, open './storage/images/user_11.jpg'[39m
2024-05-24 15:10:13:1013 [31merror[39m: [31mENOENT: no such file or directory, open './storage/images/user_11.jpg'[39m
2024-05-24 15:10:37:1037 [31merror[39m: [31mENOENT: no such file or directory, open './storage/images/user_11.jpg'[39m
2024-05-24 15:12:19:1219 [31merror[39m: [31mENOENT: no such file or directory, open './storage/images/user_11.jpg'[39m
2024-05-24 16:31:52:3152 [31merror[39m: [31mENOENT: no such file or directory, open './storage/images/user_11.jpg'[39m
2024-05-24 18:26:50:2650 [31merror[39m: [31mENOENT: no such file or directory, open './storage/images/user_11.jpg'[39m
2024-05-24 18:27:35:2735 [31merror[39m: [31mDuplicate entry 'k@gmail.com' for key 'unique_key'[39m
2024-05-24 18:28:22:2822 [31merror[39m: [31mENOENT: no such file or directory, open './storage/images/user_11.jpg'[39m
2024-05-24 18:50:31:5031 [31merror[39m: [31mENOENT: no such file or directory, open './storage/images/user_11.jpg'[39m
2024-05-25 14:21:42:2142 [31merror[39m: [31mENOENT: no such file or directory, open './storage/images/user_11.jpg'[39m
2024-05-25 14:21:49:2149 [31merror[39m: [31mENOENT: no such file or directory, open './storage/images/user_11.jpg'[39m
2024-05-25 14:22:12:2212 [31merror[39m: [31mENOENT: no such file or directory, open './storage/images/user_11.jpg'[39m
2024-05-25 14:22:34:2234 [31merror[39m: [31mENOENT: no such file or directory, open './storage/images/user_11.jpg'[39m
2024-05-25 14:23:38:2338 [31merror[39m: [31mENOENT: no such file or directory, open './storage/images/user_11.jpg'[39m
2024-05-25 14:23:45:2345 [31merror[39m: [31mENOENT: no such file or directory, open './storage/images/user_11.jpg'[39m
2024-05-25 14:25:34:2534 [31merror[39m: [31mENOENT: no such file or directory, open './storage/images/user_11.jpg'[39m
2024-05-25 14:26:04:264 [31merror[39m: [31mENOENT: no such file or directory, open './storage/images/user_11.jpg'[39m
2024-05-25 14:26:06:266 [31merror[39m: [31mENOENT: no such file or directory, open './storage/images/user_11.jpg'[39m
2024-05-25 14:26:07:267 [31merror[39m: [31mENOENT: no such file or directory, open './storage/images/user_11.jpg'[39m
2024-05-25 14:26:07:267 [31merror[39m: [31mENOENT: no such file or directory, open './storage/images/user_11.jpg'[39m
2024-05-25 14:28:23:2823 [31merror[39m: [31mENOENT: no such file or directory, open './storage/images/user_11.jpg'[39m
2024-05-25 14:28:25:2825 [31merror[39m: [31mENOENT: no such file or directory, open './storage/images/user_11.jpg'[39m
2024-05-25 14:28:25:2825 [31merror[39m: [31mENOENT: no such file or directory, open './storage/images/user_11.jpg'[39m
2024-05-25 14:28:26:2826 [31merror[39m: [31mENOENT: no such file or directory, open './storage/images/user_11.jpg'[39m
2024-05-25 14:28:54:2854 [31merror[39m: [31mENOENT: no such file or directory, open './storage/images/user_11.jpg'[39m
2024-05-25 14:28:58:2858 [31merror[39m: [31mENOENT: no such file or directory, open './storage/images/user_11.jpg'[39m
2024-05-25 14:30:47:3047 [31merror[39m: [31mENOENT: no such file or directory, open './storage/images/user_11.jpg'[39m
2024-05-25 14:34:51:3451 [31merror[39m: [31mENOENT: no such file or directory, open './storage/images/user_11.jpg'[39m
2024-05-25 14:47:05:475 [31merror[39m: [31mENOENT: no such file or directory, open './storage/images/user_11.jpg'[39m
2024-05-25 14:47:12:4712 [31merror[39m: [31mENOENT: no such file or directory, open './storage/images/user_11.jpg'[39m
2024-05-25 14:56:41:5641 [31merror[39m: [31mENOENT: no such file or directory, open './storage/images/user_11.jpg'[39m
2024-05-25 14:58:23:5823 [31merror[39m: [31mENOENT: no such file or directory, open './storage/images/user_11.jpg'[39m
2024-05-25 14:58:34:5834 [31merror[39m: [31mENOENT: no such file or directory, open './storage/images/user_11.jpg'[39m
2024-05-25 14:59:05:595 [31merror[39m: [31mENOENT: no such file or directory, open './storage/images/user_11.jpg'[39m
2024-05-25 15:00:57:057 [31merror[39m: [31mENOENT: no such file or directory, open './storage/images/user_11.jpg'[39m
2024-05-25 15:12:05:125 [31merror[39m: [31mENOENT: no such file or directory, open './storage/images/user_11.jpg'[39m
2024-05-25 15:13:38:1338 [31merror[39m: [31mENOENT: no such file or directory, open './storage/images/user_11.jpg'[39m
2024-05-25 15:15:06:156 [31merror[39m: [31mENOENT: no such file or directory, open './storage/images/user_11.jpg'[39m
2024-05-25 15:56:58:5658 [31merror[39m: [31mENOENT: no such file or directory, open './storage/images/user_11.jpg'[39m
2024-05-25 16:02:35:235 [31merror[39m: [31mENOENT: no such file or directory, open './storage/images/user_11.jpg'[39m
2024-05-25 16:02:35:235 [31merror[39m: [31mENOENT: no such file or directory, open './storage/images/user_11.jpg'[39m
2024-05-25 16:05:15:515 [31merror[39m: [31mENOENT: no such file or directory, open './storage/images/user_11.jpg'[39m
2024-05-25 16:07:07:77 [31merror[39m: [31mENOENT: no such file or directory, open './storage/images/user_11.jpg'[39m
2024-05-25 16:08:35:835 [31merror[39m: [31mENOENT: no such file or directory, open './storage/images/user_11.jpg'[39m
2024-05-25 16:10:38:1038 [31merror[39m: [31mENOENT: no such file or directory, open './storage/images/user_11.jpg'[39m
2024-05-25 16:14:14:1414 [31merror[39m: [31mENOENT: no such file or directory, open './storage/images/user_11.jpg'[39m
2024-05-25 16:14:23:1423 [31merror[39m: [31mENOENT: no such file or directory, open './storage/images/user_11.jpg'[39m
2024-05-25 16:16:19:1619 [31merror[39m: [31mENOENT: no such file or directory, open './storage/images/user_11.jpg'[39m
2024-05-25 16:17:01:171 [31merror[39m: [31mENOENT: no such file or directory, open './storage/images/user_11.jpg'[39m
2024-05-25 16:17:26:1726 [31merror[39m: [31mENOENT: no such file or directory, open './storage/images/user_11.jpg'[39m
2024-05-25 16:27:09:279 [31merror[39m: [31mENOENT: no such file or directory, open './storage/images/user_11.jpg'[39m
2024-05-25 16:27:31:2731 [31merror[39m: [31mENOENT: no such file or directory, open './storage/images/user_11.jpg'[39m
2024-05-25 16:27:38:2738 [31merror[39m: [31mENOENT: no such file or directory, open './storage/images/user_11.jpg'[39m
2024-05-25 16:40:55:4055 [31merror[39m: [31mENOENT: no such file or directory, open './storage/images/user_11.jpg'[39m
2024-05-25 16:44:12:4412 [31merror[39m: [31mENOENT: no such file or directory, open './storage/images/user_11.jpg'[39m
2024-05-25 16:51:10:5110 [31merror[39m: [31mENOENT: no such file or directory, open './storage/images/user_11.jpg'[39m
2024-05-25 16:51:34:5134 [31merror[39m: [31mENOENT: no such file or directory, open './storage/images/user_11.jpg'[39m
2024-05-25 16:51:58:5158 [31merror[39m: [31mENOENT: no such file or directory, open './storage/images/user_11.jpg'[39m
2024-05-25 16:56:26:5626 [31merror[39m: [31mENOENT: no such file or directory, open './storage/images/user_11.jpg'[39m
2024-05-25 16:56:54:5654 [31merror[39m: [31mENOENT: no such file or directory, open './storage/images/user_11.jpg'[39m
2024-05-25 16:57:45:5745 [31merror[39m: [31mENOENT: no such file or directory, open './storage/images/user_11.jpg'[39m
2024-05-25 16:58:50:5850 [31merror[39m: [31mENOENT: no such file or directory, open './storage/images/user_11.jpg'[39m
2024-05-25 16:59:22:5922 [31merror[39m: [31mENOENT: no such file or directory, open './storage/images/user_11.jpg'[39m
2024-05-25 17:02:29:229 [31merror[39m: [31mENOENT: no such file or directory, open './storage/images/user_11.jpg'[39m
2024-05-25 17:08:45:845 [31merror[39m: [31mENOENT: no such file or directory, open './storage/images/user_11.jpg'[39m
2024-05-25 17:10:47:1047 [31merror[39m: [31mENOENT: no such file or directory, open './storage/images/user_11.jpg'[39m
2024-05-25 17:11:09:119 [31merror[39m: [31mENOENT: no such file or directory, open './storage/images/user_11.jpg'[39m
2024-05-25 17:11:15:1115 [31merror[39m: [31mENOENT: no such file or directory, open './storage/images/user_11.jpg'[39m
2024-05-25 17:16:11:1611 [31merror[39m: [31mENOENT: no such file or directory, open './storage/images/user_11.jpg'[39m
2024-05-25 17:18:17:1817 [31merror[39m: [31mENOENT: no such file or directory, open './storage/images/user_11.jpg'[39m
2024-05-25 17:20:24:2024 [31merror[39m: [31mENOENT: no such file or directory, open './storage/images/user_11.jpg'[39m
2024-05-26 10:44:27:4427 [31merror[39m: [31mENOENT: no such file or directory, open './storage/images/user_11.jpg'[39m
2024-05-26 11:06:40:640 [31merror[39m: [31mENOENT: no such file or directory, open './storage/images/user_11.jpg'[39m
2024-05-26 11:07:03:73 [31merror[39m: [31mENOENT: no such file or directory, open './storage/images/user_11.jpg'[39m
2024-05-26 11:07:09:79 [31merror[39m: [31mENOENT: no such file or directory, open './storage/images/user_11.jpg'[39m
2024-05-26 11:13:24:1324 [31merror[39m: [31mENOENT: no such file or directory, open './storage/images/user_11.jpg'[39m
2024-05-26 11:13:29:1329 [31merror[39m: [31mENOENT: no such file or directory, open './storage/images/user_11.jpg'[39m
2024-05-26 11:16:45:1645 [31merror[39m: [31mENOENT: no such file or directory, open './storage/images/user_11.jpg'[39m
2024-05-26 11:17:10:1710 [31merror[39m: [31mENOENT: no such file or directory, open './storage/images/user_11.jpg'[39m
2024-05-26 11:17:15:1715 [31merror[39m: [31mENOENT: no such file or directory, open './storage/images/user_11.jpg'[39m
2024-05-26 11:23:04:234 [31merror[39m: [31mENOENT: no such file or directory, open './storage/images/user_11.jpg'[39m
2024-05-26 11:23:06:236 [31merror[39m: [31mENOENT: no such file or directory, open './storage/images/user_11.jpg'[39m
2024-05-26 11:23:45:2345 [31merror[39m: [31mENOENT: no such file or directory, open './storage/images/user_11.jpg'[39m
2024-05-26 11:26:14:2614 [31merror[39m: [31mENOENT: no such file or directory, open './storage/images/user_11.jpg'[39m
2024-05-26 11:26:16:2616 [31merror[39m: [31mENOENT: no such file or directory, open './storage/images/user_11.jpg'[39m
2024-05-26 11:28:53:2853 [31merror[39m: [31mENOENT: no such file or directory, open './storage/images/user_11.jpg'[39m
2024-05-26 11:28:54:2854 [31merror[39m: [31mENOENT: no such file or directory, open './storage/images/user_11.jpg'[39m
2024-05-26 11:29:34:2934 [31merror[39m: [31mENOENT: no such file or directory, open './storage/images/user_11.jpg'[39m
2024-05-26 11:45:04:454 [31merror[39m: [31mENOENT: no such file or directory, open './storage/images/user_11.jpg'[39m
2024-05-26 11:45:10:4510 [31merror[39m: [31mENOENT: no such file or directory, open './storage/images/user_11.jpg'[39m
2024-05-26 11:45:16:4516 [31merror[39m: [31mENOENT: no such file or directory, open './storage/images/user_11.jpg'[39m
2024-05-26 11:45:19:4519 [31merror[39m: [31mENOENT: no such file or directory, open './storage/images/user_11.jpg'[39m
2024-05-26 11:45:22:4522 [31merror[39m: [31mENOENT: no such file or directory, open './storage/images/user_11.jpg'[39m
2024-05-26 11:45:44:4544 [31merror[39m: [31mENOENT: no such file or directory, open './storage/images/user_11.jpg'[39m
2024-05-26 11:45:59:4559 [31merror[39m: [31mENOENT: no such file or directory, open './storage/images/user_11.jpg'[39m
2024-05-26 11:46:07:467 [31merror[39m: [31mENOENT: no such file or directory, open './storage/images/user_11.jpg'[39m
2024-05-26 11:49:33:4933 [31merror[39m: [31mENOENT: no such file or directory, open './storage/images/user_11.jpg'[39m
2024-05-26 11:49:41:4941 [31merror[39m: [31mENOENT: no such file or directory, open './storage/images/user_11.jpg'[39m
2024-05-26 11:54:03:543 [31merror[39m: [31mENOENT: no such file or directory, open './storage/images/user_11.jpg'[39m
2024-05-26 12:05:18:518 [31merror[39m: [31mENOENT: no such file or directory, open './storage/images/user_11.jpg'[39m
2024-05-26 12:05:18:518 [31merror[39m: [31mENOENT: no such file or directory, open './storage/images/user_11.jpg'[39m
2024-05-26 12:05:28:528 [31merror[39m: [31mENOENT: no such file or directory, open './storage/images/user_11.jpg'[39m
2024-05-26 12:06:10:610 [31merror[39m: [31mENOENT: no such file or directory, open './storage/images/user_11.jpg'[39m
2024-05-26 12:06:16:616 [31merror[39m: [31mENOENT: no such file or directory, open './storage/images/user_11.jpg'[39m
2024-05-26 12:06:22:622 [31merror[39m: [31mENOENT: no such file or directory, open './storage/images/user_11.jpg'[39m
2024-05-26 12:06:22:622 [31merror[39m: [31mENOENT: no such file or directory, open './storage/images/user_11.jpg'[39m
2024-05-26 12:06:38:638 [31merror[39m: [31mENOENT: no such file or directory, open './storage/images/user_11.jpg'[39m
2024-05-26 12:06:53:653 [31merror[39m: [31mENOENT: no such file or directory, open './storage/images/user_11.jpg'[39m
2024-05-26 12:07:05:75 [31merror[39m: [31mENOENT: no such file or directory, open './storage/images/user_11.jpg'[39m
2024-05-26 12:26:55:2655 [31merror[39m: [31mENOENT: no such file or directory, open './storage/images/user_11.jpg'[39m
2024-05-26 12:32:35:3235 [31merror[39m: [31mENOENT: no such file or directory, open './storage/images/user_11.jpg'[39m
2024-05-26 12:32:39:3239 [31merror[39m: [31mENOENT: no such file or directory, open './storage/images/user_11.jpg'[39m
2024-05-26 12:36:26:3626 [31merror[39m: [31mENOENT: no such file or directory, open './storage/images/user_11.jpg'[39m
2024-05-26 14:03:42:342 [31merror[39m: [31mENOENT: no such file or directory, open './storage/images/user_11.jpg'[39m
2024-05-26 14:04:39:439 [31merror[39m: [31mENOENT: no such file or directory, open './storage/images/user_11.jpg'[39m
2024-05-26 14:17:57:1757 [31merror[39m: [31mENOENT: no such file or directory, open './storage/images/user_11.jpg'[39m
2024-05-26 14:45:52:4552 [31merror[39m: [31mENOENT: no such file or directory, open './storage/images/user_11.jpg'[39m
2024-05-26 15:15:00:150 [31merror[39m: [31mENOENT: no such file or directory, open './storage/images/user_11.jpg'[39m
2024-05-26 15:15:05:155 [31merror[39m: [31mENOENT: no such file or directory, open './storage/images/user_11.jpg'[39m
2024-05-26 15:15:51:1551 [31merror[39m: [31mENOENT: no such file or directory, open './storage/images/user_11.jpg'[39m
2024-05-26 15:22:51:2251 [31merror[39m: [31mDuplicate entry 'spidey@gmail.com' for key 'unique_key'[39m
2024-05-26 15:26:37:2637 [31merror[39m: [31mDuplicate entry 'dbz@gmail.com' for key 'unique_key'[39m
2024-05-26 15:26:38:2638 [31merror[39m: [31mDuplicate entry 'dbz@gmail.com' for key 'unique_key'[39m
2024-05-26 15:29:48:2948 [31merror[39m: [31mENOENT: no such file or directory, open './storage/images/user_11.jpg'[39m
2024-05-26 15:31:22:3122 [31merror[39m: [31mDuplicate entry 'Avonbush Natural Park' for key 'title'[39m
